{"level":"info","message":"onRequest - completionItem/resolve","timestamp":"2024-10-02T22:08:03.359Z"}
{"level":"info","message":"onRequest - completionItem/resolve","timestamp":"2024-10-02T22:08:06.154Z"}
{"level":"info","message":"onRequest - completionItem/resolve","timestamp":"2024-10-02T22:08:55.649Z"}
{"level":"info","message":"onRequest - completionItem/resolve","timestamp":"2024-10-02T22:08:55.702Z"}
{"level":"error","message":"âœ˜ Completions for node failed: Error: [Send]{8d5bc4} at cultivos.wlk:48 exhausted all cases without a match [Send]{8d5bc4} at cultivos.wlk:48 exhausted all cases without a match","stack":"Error: [Send]{8d5bc4} at cultivos.wlk:48 exhausted all cases without a match\n    at c:\\Users\\bogar\\.vscode\\extensions\\uqbar.wollok-lsp-ide-0.3.5\\out\\server\\src\\server.js:38:6067\n    at hh (c:\\Users\\bogar\\.vscode\\extensions\\uqbar.wollok-lsp-ide-0.3.5\\out\\server\\src\\server.js:2281:42)\n    at c:\\Users\\bogar\\.vscode\\extensions\\uqbar.wollok-lsp-ide-0.3.5\\out\\server\\src\\server.js:2281:2700\n    at c:\\Users\\bogar\\.vscode\\extensions\\uqbar.wollok-lsp-ide-0.3.5\\out\\server\\src\\server.js:2288:3774\n    at c:\\Users\\bogar\\.vscode\\extensions\\uqbar.wollok-lsp-ide-0.3.5\\out\\server\\src\\server.js:37:74872\n    at Fe (c:\\Users\\bogar\\.vscode\\extensions\\uqbar.wollok-lsp-ide-0.3.5\\out\\server\\src\\server.js:7:8527)\n    at Pt (c:\\Users\\bogar\\.vscode\\extensions\\uqbar.wollok-lsp-ide-0.3.5\\out\\server\\src\\server.js:7:6189)\n    at Gi (c:\\Users\\bogar\\.vscode\\extensions\\uqbar.wollok-lsp-ide-0.3.5\\out\\server\\src\\server.js:7:6378)\n    at Immediate._onImmediate (c:\\Users\\bogar\\.vscode\\extensions\\uqbar.wollok-lsp-ide-0.3.5\\out\\server\\src\\server.js:7:6142)\n    at process.processImmediate (node:internal/timers:478:21)","timestamp":"2024-10-02T22:09:13.384Z"}
{"level":"error","message":"âœ˜ Completions for node failed: Error: [Send]{0b750e} at cultivos.wlk:48 exhausted all cases without a match [Send]{0b750e} at cultivos.wlk:48 exhausted all cases without a match","stack":"Error: [Send]{0b750e} at cultivos.wlk:48 exhausted all cases without a match\n    at c:\\Users\\bogar\\.vscode\\extensions\\uqbar.wollok-lsp-ide-0.3.5\\out\\server\\src\\server.js:38:6067\n    at hh (c:\\Users\\bogar\\.vscode\\extensions\\uqbar.wollok-lsp-ide-0.3.5\\out\\server\\src\\server.js:2281:42)\n    at vh (c:\\Users\\bogar\\.vscode\\extensions\\uqbar.wollok-lsp-ide-0.3.5\\out\\server\\src\\server.js:2281:1004)\n    at hh (c:\\Users\\bogar\\.vscode\\extensions\\uqbar.wollok-lsp-ide-0.3.5\\out\\server\\src\\server.js:2281:456)\n    at c:\\Users\\bogar\\.vscode\\extensions\\uqbar.wollok-lsp-ide-0.3.5\\out\\server\\src\\server.js:2281:2700\n    at c:\\Users\\bogar\\.vscode\\extensions\\uqbar.wollok-lsp-ide-0.3.5\\out\\server\\src\\server.js:2288:3774\n    at c:\\Users\\bogar\\.vscode\\extensions\\uqbar.wollok-lsp-ide-0.3.5\\out\\server\\src\\server.js:37:74872\n    at Fe (c:\\Users\\bogar\\.vscode\\extensions\\uqbar.wollok-lsp-ide-0.3.5\\out\\server\\src\\server.js:7:8527)\n    at Pt (c:\\Users\\bogar\\.vscode\\extensions\\uqbar.wollok-lsp-ide-0.3.5\\out\\server\\src\\server.js:7:6189)\n    at Gi (c:\\Users\\bogar\\.vscode\\extensions\\uqbar.wollok-lsp-ide-0.3.5\\out\\server\\src\\server.js:7:6378)","timestamp":"2024-10-02T22:09:13.385Z"}
{"level":"error","message":"âœ˜ Completions for node failed: Error: [Send]{4a2b18} at cultivos.wlk:48 exhausted all cases without a match [Send]{4a2b18} at cultivos.wlk:48 exhausted all cases without a match","stack":"Error: [Send]{4a2b18} at cultivos.wlk:48 exhausted all cases without a match\n    at c:\\Users\\bogar\\.vscode\\extensions\\uqbar.wollok-lsp-ide-0.3.5\\out\\server\\src\\server.js:38:6067\n    at hh (c:\\Users\\bogar\\.vscode\\extensions\\uqbar.wollok-lsp-ide-0.3.5\\out\\server\\src\\server.js:2281:42)\n    at vh (c:\\Users\\bogar\\.vscode\\extensions\\uqbar.wollok-lsp-ide-0.3.5\\out\\server\\src\\server.js:2281:1004)\n    at hh (c:\\Users\\bogar\\.vscode\\extensions\\uqbar.wollok-lsp-ide-0.3.5\\out\\server\\src\\server.js:2281:456)\n    at vh (c:\\Users\\bogar\\.vscode\\extensions\\uqbar.wollok-lsp-ide-0.3.5\\out\\server\\src\\server.js:2281:1004)\n    at hh (c:\\Users\\bogar\\.vscode\\extensions\\uqbar.wollok-lsp-ide-0.3.5\\out\\server\\src\\server.js:2281:456)\n    at c:\\Users\\bogar\\.vscode\\extensions\\uqbar.wollok-lsp-ide-0.3.5\\out\\server\\src\\server.js:2281:2700\n    at c:\\Users\\bogar\\.vscode\\extensions\\uqbar.wollok-lsp-ide-0.3.5\\out\\server\\src\\server.js:2288:3774\n    at c:\\Users\\bogar\\.vscode\\extensions\\uqbar.wollok-lsp-ide-0.3.5\\out\\server\\src\\server.js:37:74872\n    at Fe (c:\\Users\\bogar\\.vscode\\extensions\\uqbar.wollok-lsp-ide-0.3.5\\out\\server\\src\\server.js:7:8527)","timestamp":"2024-10-02T22:09:13.385Z"}
{"level":"error","message":"âœ˜ Completions for node failed: Error: [Send]{5e60a9} at cultivos.wlk:48 exhausted all cases without a match [Send]{5e60a9} at cultivos.wlk:48 exhausted all cases without a match","stack":"Error: [Send]{5e60a9} at cultivos.wlk:48 exhausted all cases without a match\n    at c:\\Users\\bogar\\.vscode\\extensions\\uqbar.wollok-lsp-ide-0.3.5\\out\\server\\src\\server.js:38:6067\n    at hh (c:\\Users\\bogar\\.vscode\\extensions\\uqbar.wollok-lsp-ide-0.3.5\\out\\server\\src\\server.js:2281:42)\n    at vh (c:\\Users\\bogar\\.vscode\\extensions\\uqbar.wollok-lsp-ide-0.3.5\\out\\server\\src\\server.js:2281:1004)\n    at hh (c:\\Users\\bogar\\.vscode\\extensions\\uqbar.wollok-lsp-ide-0.3.5\\out\\server\\src\\server.js:2281:456)\n    at vh (c:\\Users\\bogar\\.vscode\\extensions\\uqbar.wollok-lsp-ide-0.3.5\\out\\server\\src\\server.js:2281:1004)\n    at hh (c:\\Users\\bogar\\.vscode\\extensions\\uqbar.wollok-lsp-ide-0.3.5\\out\\server\\src\\server.js:2281:456)\n    at vh (c:\\Users\\bogar\\.vscode\\extensions\\uqbar.wollok-lsp-ide-0.3.5\\out\\server\\src\\server.js:2281:1004)\n    at hh (c:\\Users\\bogar\\.vscode\\extensions\\uqbar.wollok-lsp-ide-0.3.5\\out\\server\\src\\server.js:2281:456)\n    at c:\\Users\\bogar\\.vscode\\extensions\\uqbar.wollok-lsp-ide-0.3.5\\out\\server\\src\\server.js:2281:2700\n    at c:\\Users\\bogar\\.vscode\\extensions\\uqbar.wollok-lsp-ide-0.3.5\\out\\server\\src\\server.js:2288:3774","timestamp":"2024-10-02T22:09:13.385Z"}
{"level":"error","message":"âœ˜ Completions for node failed: Error: [Send]{fe2ab8} at cultivos.wlk:47 exhausted all cases without a match [Send]{fe2ab8} at cultivos.wlk:47 exhausted all cases without a match","stack":"Error: [Send]{fe2ab8} at cultivos.wlk:47 exhausted all cases without a match\n    at c:\\Users\\bogar\\.vscode\\extensions\\uqbar.wollok-lsp-ide-0.3.5\\out\\server\\src\\server.js:38:6067\n    at hh (c:\\Users\\bogar\\.vscode\\extensions\\uqbar.wollok-lsp-ide-0.3.5\\out\\server\\src\\server.js:2281:42)\n    at vh (c:\\Users\\bogar\\.vscode\\extensions\\uqbar.wollok-lsp-ide-0.3.5\\out\\server\\src\\server.js:2281:1004)\n    at hh (c:\\Users\\bogar\\.vscode\\extensions\\uqbar.wollok-lsp-ide-0.3.5\\out\\server\\src\\server.js:2281:456)\n    at vh (c:\\Users\\bogar\\.vscode\\extensions\\uqbar.wollok-lsp-ide-0.3.5\\out\\server\\src\\server.js:2281:1004)\n    at hh (c:\\Users\\bogar\\.vscode\\extensions\\uqbar.wollok-lsp-ide-0.3.5\\out\\server\\src\\server.js:2281:456)\n    at vh (c:\\Users\\bogar\\.vscode\\extensions\\uqbar.wollok-lsp-ide-0.3.5\\out\\server\\src\\server.js:2281:1004)\n    at hh (c:\\Users\\bogar\\.vscode\\extensions\\uqbar.wollok-lsp-ide-0.3.5\\out\\server\\src\\server.js:2281:456)\n    at vh (c:\\Users\\bogar\\.vscode\\extensions\\uqbar.wollok-lsp-ide-0.3.5\\out\\server\\src\\server.js:2281:1004)\n    at hh (c:\\Users\\bogar\\.vscode\\extensions\\uqbar.wollok-lsp-ide-0.3.5\\out\\server\\src\\server.js:2281:456)","timestamp":"2024-10-02T22:09:13.385Z"}
{"level":"error","message":"âœ˜ Completions for node failed: Error: [Return]{97bc37} at cultivos.wlk:47 exhausted all cases without a match [Return]{97bc37} at cultivos.wlk:47 exhausted all cases without a match","stack":"Error: [Return]{97bc37} at cultivos.wlk:47 exhausted all cases without a match\n    at c:\\Users\\bogar\\.vscode\\extensions\\uqbar.wollok-lsp-ide-0.3.5\\out\\server\\src\\server.js:38:6067\n    at hh (c:\\Users\\bogar\\.vscode\\extensions\\uqbar.wollok-lsp-ide-0.3.5\\out\\server\\src\\server.js:2281:42)\n    at vh (c:\\Users\\bogar\\.vscode\\extensions\\uqbar.wollok-lsp-ide-0.3.5\\out\\server\\src\\server.js:2281:1004)\n    at hh (c:\\Users\\bogar\\.vscode\\extensions\\uqbar.wollok-lsp-ide-0.3.5\\out\\server\\src\\server.js:2281:456)\n    at vh (c:\\Users\\bogar\\.vscode\\extensions\\uqbar.wollok-lsp-ide-0.3.5\\out\\server\\src\\server.js:2281:1004)\n    at hh (c:\\Users\\bogar\\.vscode\\extensions\\uqbar.wollok-lsp-ide-0.3.5\\out\\server\\src\\server.js:2281:456)\n    at vh (c:\\Users\\bogar\\.vscode\\extensions\\uqbar.wollok-lsp-ide-0.3.5\\out\\server\\src\\server.js:2281:1004)\n    at hh (c:\\Users\\bogar\\.vscode\\extensions\\uqbar.wollok-lsp-ide-0.3.5\\out\\server\\src\\server.js:2281:456)\n    at vh (c:\\Users\\bogar\\.vscode\\extensions\\uqbar.wollok-lsp-ide-0.3.5\\out\\server\\src\\server.js:2281:1004)\n    at hh (c:\\Users\\bogar\\.vscode\\extensions\\uqbar.wollok-lsp-ide-0.3.5\\out\\server\\src\\server.js:2281:456)","timestamp":"2024-10-02T22:09:13.385Z"}
{"level":"info","message":"onRequest - completionItem/resolve","timestamp":"2024-10-02T22:09:13.458Z"}
{"level":"info","message":"onRequest - completionItem/resolve","timestamp":"2024-10-02T22:09:13.510Z"}
{"level":"error","message":"âœ˜ Completions for node failed: Error: [Send]{45f04d} at cultivos.wlk:48 exhausted all cases without a match [Send]{45f04d} at cultivos.wlk:48 exhausted all cases without a match","stack":"Error: [Send]{45f04d} at cultivos.wlk:48 exhausted all cases without a match\n    at c:\\Users\\bogar\\.vscode\\extensions\\uqbar.wollok-lsp-ide-0.3.5\\out\\server\\src\\server.js:38:6067\n    at hh (c:\\Users\\bogar\\.vscode\\extensions\\uqbar.wollok-lsp-ide-0.3.5\\out\\server\\src\\server.js:2281:42)\n    at c:\\Users\\bogar\\.vscode\\extensions\\uqbar.wollok-lsp-ide-0.3.5\\out\\server\\src\\server.js:2281:2700\n    at c:\\Users\\bogar\\.vscode\\extensions\\uqbar.wollok-lsp-ide-0.3.5\\out\\server\\src\\server.js:2288:3774\n    at c:\\Users\\bogar\\.vscode\\extensions\\uqbar.wollok-lsp-ide-0.3.5\\out\\server\\src\\server.js:37:74872\n    at Fe (c:\\Users\\bogar\\.vscode\\extensions\\uqbar.wollok-lsp-ide-0.3.5\\out\\server\\src\\server.js:7:8527)\n    at Pt (c:\\Users\\bogar\\.vscode\\extensions\\uqbar.wollok-lsp-ide-0.3.5\\out\\server\\src\\server.js:7:6189)\n    at Gi (c:\\Users\\bogar\\.vscode\\extensions\\uqbar.wollok-lsp-ide-0.3.5\\out\\server\\src\\server.js:7:6378)\n    at Immediate._onImmediate (c:\\Users\\bogar\\.vscode\\extensions\\uqbar.wollok-lsp-ide-0.3.5\\out\\server\\src\\server.js:7:6142)\n    at process.processImmediate (node:internal/timers:478:21)","timestamp":"2024-10-02T22:09:13.744Z"}
{"level":"error","message":"âœ˜ Completions for node failed: Error: [Send]{b2974c} at cultivos.wlk:48 exhausted all cases without a match [Send]{b2974c} at cultivos.wlk:48 exhausted all cases without a match","stack":"Error: [Send]{b2974c} at cultivos.wlk:48 exhausted all cases without a match\n    at c:\\Users\\bogar\\.vscode\\extensions\\uqbar.wollok-lsp-ide-0.3.5\\out\\server\\src\\server.js:38:6067\n    at hh (c:\\Users\\bogar\\.vscode\\extensions\\uqbar.wollok-lsp-ide-0.3.5\\out\\server\\src\\server.js:2281:42)\n    at vh (c:\\Users\\bogar\\.vscode\\extensions\\uqbar.wollok-lsp-ide-0.3.5\\out\\server\\src\\server.js:2281:1004)\n    at hh (c:\\Users\\bogar\\.vscode\\extensions\\uqbar.wollok-lsp-ide-0.3.5\\out\\server\\src\\server.js:2281:456)\n    at c:\\Users\\bogar\\.vscode\\extensions\\uqbar.wollok-lsp-ide-0.3.5\\out\\server\\src\\server.js:2281:2700\n    at c:\\Users\\bogar\\.vscode\\extensions\\uqbar.wollok-lsp-ide-0.3.5\\out\\server\\src\\server.js:2288:3774\n    at c:\\Users\\bogar\\.vscode\\extensions\\uqbar.wollok-lsp-ide-0.3.5\\out\\server\\src\\server.js:37:74872\n    at Fe (c:\\Users\\bogar\\.vscode\\extensions\\uqbar.wollok-lsp-ide-0.3.5\\out\\server\\src\\server.js:7:8527)\n    at Pt (c:\\Users\\bogar\\.vscode\\extensions\\uqbar.wollok-lsp-ide-0.3.5\\out\\server\\src\\server.js:7:6189)\n    at Gi (c:\\Users\\bogar\\.vscode\\extensions\\uqbar.wollok-lsp-ide-0.3.5\\out\\server\\src\\server.js:7:6378)","timestamp":"2024-10-02T22:09:13.745Z"}
{"level":"error","message":"âœ˜ Completions for node failed: Error: [Send]{557179} at cultivos.wlk:48 exhausted all cases without a match [Send]{557179} at cultivos.wlk:48 exhausted all cases without a match","stack":"Error: [Send]{557179} at cultivos.wlk:48 exhausted all cases without a match\n    at c:\\Users\\bogar\\.vscode\\extensions\\uqbar.wollok-lsp-ide-0.3.5\\out\\server\\src\\server.js:38:6067\n    at hh (c:\\Users\\bogar\\.vscode\\extensions\\uqbar.wollok-lsp-ide-0.3.5\\out\\server\\src\\server.js:2281:42)\n    at vh (c:\\Users\\bogar\\.vscode\\extensions\\uqbar.wollok-lsp-ide-0.3.5\\out\\server\\src\\server.js:2281:1004)\n    at hh (c:\\Users\\bogar\\.vscode\\extensions\\uqbar.wollok-lsp-ide-0.3.5\\out\\server\\src\\server.js:2281:456)\n    at vh (c:\\Users\\bogar\\.vscode\\extensions\\uqbar.wollok-lsp-ide-0.3.5\\out\\server\\src\\server.js:2281:1004)\n    at hh (c:\\Users\\bogar\\.vscode\\extensions\\uqbar.wollok-lsp-ide-0.3.5\\out\\server\\src\\server.js:2281:456)\n    at c:\\Users\\bogar\\.vscode\\extensions\\uqbar.wollok-lsp-ide-0.3.5\\out\\server\\src\\server.js:2281:2700\n    at c:\\Users\\bogar\\.vscode\\extensions\\uqbar.wollok-lsp-ide-0.3.5\\out\\server\\src\\server.js:2288:3774\n    at c:\\Users\\bogar\\.vscode\\extensions\\uqbar.wollok-lsp-ide-0.3.5\\out\\server\\src\\server.js:37:74872\n    at Fe (c:\\Users\\bogar\\.vscode\\extensions\\uqbar.wollok-lsp-ide-0.3.5\\out\\server\\src\\server.js:7:8527)","timestamp":"2024-10-02T22:09:13.745Z"}
{"level":"error","message":"âœ˜ Completions for node failed: Error: [Send]{13f825} at cultivos.wlk:48 exhausted all cases without a match [Send]{13f825} at cultivos.wlk:48 exhausted all cases without a match","stack":"Error: [Send]{13f825} at cultivos.wlk:48 exhausted all cases without a match\n    at c:\\Users\\bogar\\.vscode\\extensions\\uqbar.wollok-lsp-ide-0.3.5\\out\\server\\src\\server.js:38:6067\n    at hh (c:\\Users\\bogar\\.vscode\\extensions\\uqbar.wollok-lsp-ide-0.3.5\\out\\server\\src\\server.js:2281:42)\n    at vh (c:\\Users\\bogar\\.vscode\\extensions\\uqbar.wollok-lsp-ide-0.3.5\\out\\server\\src\\server.js:2281:1004)\n    at hh (c:\\Users\\bogar\\.vscode\\extensions\\uqbar.wollok-lsp-ide-0.3.5\\out\\server\\src\\server.js:2281:456)\n    at vh (c:\\Users\\bogar\\.vscode\\extensions\\uqbar.wollok-lsp-ide-0.3.5\\out\\server\\src\\server.js:2281:1004)\n    at hh (c:\\Users\\bogar\\.vscode\\extensions\\uqbar.wollok-lsp-ide-0.3.5\\out\\server\\src\\server.js:2281:456)\n    at vh (c:\\Users\\bogar\\.vscode\\extensions\\uqbar.wollok-lsp-ide-0.3.5\\out\\server\\src\\server.js:2281:1004)\n    at hh (c:\\Users\\bogar\\.vscode\\extensions\\uqbar.wollok-lsp-ide-0.3.5\\out\\server\\src\\server.js:2281:456)\n    at c:\\Users\\bogar\\.vscode\\extensions\\uqbar.wollok-lsp-ide-0.3.5\\out\\server\\src\\server.js:2281:2700\n    at c:\\Users\\bogar\\.vscode\\extensions\\uqbar.wollok-lsp-ide-0.3.5\\out\\server\\src\\server.js:2288:3774","timestamp":"2024-10-02T22:09:13.745Z"}
{"level":"error","message":"âœ˜ Completions for node failed: Error: [Send]{1c5eaf} at cultivos.wlk:47 exhausted all cases without a match [Send]{1c5eaf} at cultivos.wlk:47 exhausted all cases without a match","stack":"Error: [Send]{1c5eaf} at cultivos.wlk:47 exhausted all cases without a match\n    at c:\\Users\\bogar\\.vscode\\extensions\\uqbar.wollok-lsp-ide-0.3.5\\out\\server\\src\\server.js:38:6067\n    at hh (c:\\Users\\bogar\\.vscode\\extensions\\uqbar.wollok-lsp-ide-0.3.5\\out\\server\\src\\server.js:2281:42)\n    at vh (c:\\Users\\bogar\\.vscode\\extensions\\uqbar.wollok-lsp-ide-0.3.5\\out\\server\\src\\server.js:2281:1004)\n    at hh (c:\\Users\\bogar\\.vscode\\extensions\\uqbar.wollok-lsp-ide-0.3.5\\out\\server\\src\\server.js:2281:456)\n    at vh (c:\\Users\\bogar\\.vscode\\extensions\\uqbar.wollok-lsp-ide-0.3.5\\out\\server\\src\\server.js:2281:1004)\n    at hh (c:\\Users\\bogar\\.vscode\\extensions\\uqbar.wollok-lsp-ide-0.3.5\\out\\server\\src\\server.js:2281:456)\n    at vh (c:\\Users\\bogar\\.vscode\\extensions\\uqbar.wollok-lsp-ide-0.3.5\\out\\server\\src\\server.js:2281:1004)\n    at hh (c:\\Users\\bogar\\.vscode\\extensions\\uqbar.wollok-lsp-ide-0.3.5\\out\\server\\src\\server.js:2281:456)\n    at vh (c:\\Users\\bogar\\.vscode\\extensions\\uqbar.wollok-lsp-ide-0.3.5\\out\\server\\src\\server.js:2281:1004)\n    at hh (c:\\Users\\bogar\\.vscode\\extensions\\uqbar.wollok-lsp-ide-0.3.5\\out\\server\\src\\server.js:2281:456)","timestamp":"2024-10-02T22:09:13.745Z"}
{"level":"error","message":"âœ˜ Completions for node failed: Error: [Return]{345e03} at cultivos.wlk:47 exhausted all cases without a match [Return]{345e03} at cultivos.wlk:47 exhausted all cases without a match","stack":"Error: [Return]{345e03} at cultivos.wlk:47 exhausted all cases without a match\n    at c:\\Users\\bogar\\.vscode\\extensions\\uqbar.wollok-lsp-ide-0.3.5\\out\\server\\src\\server.js:38:6067\n    at hh (c:\\Users\\bogar\\.vscode\\extensions\\uqbar.wollok-lsp-ide-0.3.5\\out\\server\\src\\server.js:2281:42)\n    at vh (c:\\Users\\bogar\\.vscode\\extensions\\uqbar.wollok-lsp-ide-0.3.5\\out\\server\\src\\server.js:2281:1004)\n    at hh (c:\\Users\\bogar\\.vscode\\extensions\\uqbar.wollok-lsp-ide-0.3.5\\out\\server\\src\\server.js:2281:456)\n    at vh (c:\\Users\\bogar\\.vscode\\extensions\\uqbar.wollok-lsp-ide-0.3.5\\out\\server\\src\\server.js:2281:1004)\n    at hh (c:\\Users\\bogar\\.vscode\\extensions\\uqbar.wollok-lsp-ide-0.3.5\\out\\server\\src\\server.js:2281:456)\n    at vh (c:\\Users\\bogar\\.vscode\\extensions\\uqbar.wollok-lsp-ide-0.3.5\\out\\server\\src\\server.js:2281:1004)\n    at hh (c:\\Users\\bogar\\.vscode\\extensions\\uqbar.wollok-lsp-ide-0.3.5\\out\\server\\src\\server.js:2281:456)\n    at vh (c:\\Users\\bogar\\.vscode\\extensions\\uqbar.wollok-lsp-ide-0.3.5\\out\\server\\src\\server.js:2281:1004)\n    at hh (c:\\Users\\bogar\\.vscode\\extensions\\uqbar.wollok-lsp-ide-0.3.5\\out\\server\\src\\server.js:2281:456)","timestamp":"2024-10-02T22:09:13.745Z"}
{"level":"error","message":"âœ˜ Completions for node failed: Error: [Send]{82108a} at cultivos.wlk:48 exhausted all cases without a match [Send]{82108a} at cultivos.wlk:48 exhausted all cases without a match","stack":"Error: [Send]{82108a} at cultivos.wlk:48 exhausted all cases without a match\n    at c:\\Users\\bogar\\.vscode\\extensions\\uqbar.wollok-lsp-ide-0.3.5\\out\\server\\src\\server.js:38:6067\n    at hh (c:\\Users\\bogar\\.vscode\\extensions\\uqbar.wollok-lsp-ide-0.3.5\\out\\server\\src\\server.js:2281:42)\n    at c:\\Users\\bogar\\.vscode\\extensions\\uqbar.wollok-lsp-ide-0.3.5\\out\\server\\src\\server.js:2281:2700\n    at c:\\Users\\bogar\\.vscode\\extensions\\uqbar.wollok-lsp-ide-0.3.5\\out\\server\\src\\server.js:2288:3774\n    at c:\\Users\\bogar\\.vscode\\extensions\\uqbar.wollok-lsp-ide-0.3.5\\out\\server\\src\\server.js:37:74872\n    at Fe (c:\\Users\\bogar\\.vscode\\extensions\\uqbar.wollok-lsp-ide-0.3.5\\out\\server\\src\\server.js:7:8527)\n    at Pt (c:\\Users\\bogar\\.vscode\\extensions\\uqbar.wollok-lsp-ide-0.3.5\\out\\server\\src\\server.js:7:6189)\n    at Gi (c:\\Users\\bogar\\.vscode\\extensions\\uqbar.wollok-lsp-ide-0.3.5\\out\\server\\src\\server.js:7:6378)\n    at Immediate._onImmediate (c:\\Users\\bogar\\.vscode\\extensions\\uqbar.wollok-lsp-ide-0.3.5\\out\\server\\src\\server.js:7:6142)\n    at process.processImmediate (node:internal/timers:478:21)","timestamp":"2024-10-02T22:09:14.672Z"}
{"level":"error","message":"âœ˜ Completions for node failed: Error: [Send]{716553} at cultivos.wlk:48 exhausted all cases without a match [Send]{716553} at cultivos.wlk:48 exhausted all cases without a match","stack":"Error: [Send]{716553} at cultivos.wlk:48 exhausted all cases without a match\n    at c:\\Users\\bogar\\.vscode\\extensions\\uqbar.wollok-lsp-ide-0.3.5\\out\\server\\src\\server.js:38:6067\n    at hh (c:\\Users\\bogar\\.vscode\\extensions\\uqbar.wollok-lsp-ide-0.3.5\\out\\server\\src\\server.js:2281:42)\n    at vh (c:\\Users\\bogar\\.vscode\\extensions\\uqbar.wollok-lsp-ide-0.3.5\\out\\server\\src\\server.js:2281:1004)\n    at hh (c:\\Users\\bogar\\.vscode\\extensions\\uqbar.wollok-lsp-ide-0.3.5\\out\\server\\src\\server.js:2281:456)\n    at c:\\Users\\bogar\\.vscode\\extensions\\uqbar.wollok-lsp-ide-0.3.5\\out\\server\\src\\server.js:2281:2700\n    at c:\\Users\\bogar\\.vscode\\extensions\\uqbar.wollok-lsp-ide-0.3.5\\out\\server\\src\\server.js:2288:3774\n    at c:\\Users\\bogar\\.vscode\\extensions\\uqbar.wollok-lsp-ide-0.3.5\\out\\server\\src\\server.js:37:74872\n    at Fe (c:\\Users\\bogar\\.vscode\\extensions\\uqbar.wollok-lsp-ide-0.3.5\\out\\server\\src\\server.js:7:8527)\n    at Pt (c:\\Users\\bogar\\.vscode\\extensions\\uqbar.wollok-lsp-ide-0.3.5\\out\\server\\src\\server.js:7:6189)\n    at Gi (c:\\Users\\bogar\\.vscode\\extensions\\uqbar.wollok-lsp-ide-0.3.5\\out\\server\\src\\server.js:7:6378)","timestamp":"2024-10-02T22:09:14.672Z"}
{"level":"error","message":"âœ˜ Completions for node failed: Error: [Send]{dba1d7} at cultivos.wlk:48 exhausted all cases without a match [Send]{dba1d7} at cultivos.wlk:48 exhausted all cases without a match","stack":"Error: [Send]{dba1d7} at cultivos.wlk:48 exhausted all cases without a match\n    at c:\\Users\\bogar\\.vscode\\extensions\\uqbar.wollok-lsp-ide-0.3.5\\out\\server\\src\\server.js:38:6067\n    at hh (c:\\Users\\bogar\\.vscode\\extensions\\uqbar.wollok-lsp-ide-0.3.5\\out\\server\\src\\server.js:2281:42)\n    at vh (c:\\Users\\bogar\\.vscode\\extensions\\uqbar.wollok-lsp-ide-0.3.5\\out\\server\\src\\server.js:2281:1004)\n    at hh (c:\\Users\\bogar\\.vscode\\extensions\\uqbar.wollok-lsp-ide-0.3.5\\out\\server\\src\\server.js:2281:456)\n    at vh (c:\\Users\\bogar\\.vscode\\extensions\\uqbar.wollok-lsp-ide-0.3.5\\out\\server\\src\\server.js:2281:1004)\n    at hh (c:\\Users\\bogar\\.vscode\\extensions\\uqbar.wollok-lsp-ide-0.3.5\\out\\server\\src\\server.js:2281:456)\n    at c:\\Users\\bogar\\.vscode\\extensions\\uqbar.wollok-lsp-ide-0.3.5\\out\\server\\src\\server.js:2281:2700\n    at c:\\Users\\bogar\\.vscode\\extensions\\uqbar.wollok-lsp-ide-0.3.5\\out\\server\\src\\server.js:2288:3774\n    at c:\\Users\\bogar\\.vscode\\extensions\\uqbar.wollok-lsp-ide-0.3.5\\out\\server\\src\\server.js:37:74872\n    at Fe (c:\\Users\\bogar\\.vscode\\extensions\\uqbar.wollok-lsp-ide-0.3.5\\out\\server\\src\\server.js:7:8527)","timestamp":"2024-10-02T22:09:14.672Z"}
{"level":"error","message":"âœ˜ Completions for node failed: Error: [Send]{3c26d4} at cultivos.wlk:48 exhausted all cases without a match [Send]{3c26d4} at cultivos.wlk:48 exhausted all cases without a match","stack":"Error: [Send]{3c26d4} at cultivos.wlk:48 exhausted all cases without a match\n    at c:\\Users\\bogar\\.vscode\\extensions\\uqbar.wollok-lsp-ide-0.3.5\\out\\server\\src\\server.js:38:6067\n    at hh (c:\\Users\\bogar\\.vscode\\extensions\\uqbar.wollok-lsp-ide-0.3.5\\out\\server\\src\\server.js:2281:42)\n    at vh (c:\\Users\\bogar\\.vscode\\extensions\\uqbar.wollok-lsp-ide-0.3.5\\out\\server\\src\\server.js:2281:1004)\n    at hh (c:\\Users\\bogar\\.vscode\\extensions\\uqbar.wollok-lsp-ide-0.3.5\\out\\server\\src\\server.js:2281:456)\n    at vh (c:\\Users\\bogar\\.vscode\\extensions\\uqbar.wollok-lsp-ide-0.3.5\\out\\server\\src\\server.js:2281:1004)\n    at hh (c:\\Users\\bogar\\.vscode\\extensions\\uqbar.wollok-lsp-ide-0.3.5\\out\\server\\src\\server.js:2281:456)\n    at vh (c:\\Users\\bogar\\.vscode\\extensions\\uqbar.wollok-lsp-ide-0.3.5\\out\\server\\src\\server.js:2281:1004)\n    at hh (c:\\Users\\bogar\\.vscode\\extensions\\uqbar.wollok-lsp-ide-0.3.5\\out\\server\\src\\server.js:2281:456)\n    at c:\\Users\\bogar\\.vscode\\extensions\\uqbar.wollok-lsp-ide-0.3.5\\out\\server\\src\\server.js:2281:2700\n    at c:\\Users\\bogar\\.vscode\\extensions\\uqbar.wollok-lsp-ide-0.3.5\\out\\server\\src\\server.js:2288:3774","timestamp":"2024-10-02T22:09:14.672Z"}
{"level":"error","message":"âœ˜ Completions for node failed: Error: [Send]{4a67ed} at cultivos.wlk:47 exhausted all cases without a match [Send]{4a67ed} at cultivos.wlk:47 exhausted all cases without a match","stack":"Error: [Send]{4a67ed} at cultivos.wlk:47 exhausted all cases without a match\n    at c:\\Users\\bogar\\.vscode\\extensions\\uqbar.wollok-lsp-ide-0.3.5\\out\\server\\src\\server.js:38:6067\n    at hh (c:\\Users\\bogar\\.vscode\\extensions\\uqbar.wollok-lsp-ide-0.3.5\\out\\server\\src\\server.js:2281:42)\n    at vh (c:\\Users\\bogar\\.vscode\\extensions\\uqbar.wollok-lsp-ide-0.3.5\\out\\server\\src\\server.js:2281:1004)\n    at hh (c:\\Users\\bogar\\.vscode\\extensions\\uqbar.wollok-lsp-ide-0.3.5\\out\\server\\src\\server.js:2281:456)\n    at vh (c:\\Users\\bogar\\.vscode\\extensions\\uqbar.wollok-lsp-ide-0.3.5\\out\\server\\src\\server.js:2281:1004)\n    at hh (c:\\Users\\bogar\\.vscode\\extensions\\uqbar.wollok-lsp-ide-0.3.5\\out\\server\\src\\server.js:2281:456)\n    at vh (c:\\Users\\bogar\\.vscode\\extensions\\uqbar.wollok-lsp-ide-0.3.5\\out\\server\\src\\server.js:2281:1004)\n    at hh (c:\\Users\\bogar\\.vscode\\extensions\\uqbar.wollok-lsp-ide-0.3.5\\out\\server\\src\\server.js:2281:456)\n    at vh (c:\\Users\\bogar\\.vscode\\extensions\\uqbar.wollok-lsp-ide-0.3.5\\out\\server\\src\\server.js:2281:1004)\n    at hh (c:\\Users\\bogar\\.vscode\\extensions\\uqbar.wollok-lsp-ide-0.3.5\\out\\server\\src\\server.js:2281:456)","timestamp":"2024-10-02T22:09:14.672Z"}
{"level":"error","message":"âœ˜ Completions for node failed: Error: [Return]{a6ce79} at cultivos.wlk:47 exhausted all cases without a match [Return]{a6ce79} at cultivos.wlk:47 exhausted all cases without a match","stack":"Error: [Return]{a6ce79} at cultivos.wlk:47 exhausted all cases without a match\n    at c:\\Users\\bogar\\.vscode\\extensions\\uqbar.wollok-lsp-ide-0.3.5\\out\\server\\src\\server.js:38:6067\n    at hh (c:\\Users\\bogar\\.vscode\\extensions\\uqbar.wollok-lsp-ide-0.3.5\\out\\server\\src\\server.js:2281:42)\n    at vh (c:\\Users\\bogar\\.vscode\\extensions\\uqbar.wollok-lsp-ide-0.3.5\\out\\server\\src\\server.js:2281:1004)\n    at hh (c:\\Users\\bogar\\.vscode\\extensions\\uqbar.wollok-lsp-ide-0.3.5\\out\\server\\src\\server.js:2281:456)\n    at vh (c:\\Users\\bogar\\.vscode\\extensions\\uqbar.wollok-lsp-ide-0.3.5\\out\\server\\src\\server.js:2281:1004)\n    at hh (c:\\Users\\bogar\\.vscode\\extensions\\uqbar.wollok-lsp-ide-0.3.5\\out\\server\\src\\server.js:2281:456)\n    at vh (c:\\Users\\bogar\\.vscode\\extensions\\uqbar.wollok-lsp-ide-0.3.5\\out\\server\\src\\server.js:2281:1004)\n    at hh (c:\\Users\\bogar\\.vscode\\extensions\\uqbar.wollok-lsp-ide-0.3.5\\out\\server\\src\\server.js:2281:456)\n    at vh (c:\\Users\\bogar\\.vscode\\extensions\\uqbar.wollok-lsp-ide-0.3.5\\out\\server\\src\\server.js:2281:1004)\n    at hh (c:\\Users\\bogar\\.vscode\\extensions\\uqbar.wollok-lsp-ide-0.3.5\\out\\server\\src\\server.js:2281:456)","timestamp":"2024-10-02T22:09:14.672Z"}
{"level":"error","message":"âœ˜ Completions for node failed: Error: [Send]{f1e1d5} at cultivos.wlk:48 exhausted all cases without a match [Send]{f1e1d5} at cultivos.wlk:48 exhausted all cases without a match","stack":"Error: [Send]{f1e1d5} at cultivos.wlk:48 exhausted all cases without a match\n    at c:\\Users\\bogar\\.vscode\\extensions\\uqbar.wollok-lsp-ide-0.3.5\\out\\server\\src\\server.js:38:6067\n    at hh (c:\\Users\\bogar\\.vscode\\extensions\\uqbar.wollok-lsp-ide-0.3.5\\out\\server\\src\\server.js:2281:42)\n    at c:\\Users\\bogar\\.vscode\\extensions\\uqbar.wollok-lsp-ide-0.3.5\\out\\server\\src\\server.js:2281:2700\n    at c:\\Users\\bogar\\.vscode\\extensions\\uqbar.wollok-lsp-ide-0.3.5\\out\\server\\src\\server.js:2288:3774\n    at c:\\Users\\bogar\\.vscode\\extensions\\uqbar.wollok-lsp-ide-0.3.5\\out\\server\\src\\server.js:37:74872\n    at Fe (c:\\Users\\bogar\\.vscode\\extensions\\uqbar.wollok-lsp-ide-0.3.5\\out\\server\\src\\server.js:7:8527)\n    at Pt (c:\\Users\\bogar\\.vscode\\extensions\\uqbar.wollok-lsp-ide-0.3.5\\out\\server\\src\\server.js:7:6189)\n    at Gi (c:\\Users\\bogar\\.vscode\\extensions\\uqbar.wollok-lsp-ide-0.3.5\\out\\server\\src\\server.js:7:6378)\n    at Immediate._onImmediate (c:\\Users\\bogar\\.vscode\\extensions\\uqbar.wollok-lsp-ide-0.3.5\\out\\server\\src\\server.js:7:6142)\n    at process.processImmediate (node:internal/timers:478:21)","timestamp":"2024-10-02T22:09:14.814Z"}
{"level":"error","message":"âœ˜ Completions for node failed: Error: [Send]{403de2} at cultivos.wlk:48 exhausted all cases without a match [Send]{403de2} at cultivos.wlk:48 exhausted all cases without a match","stack":"Error: [Send]{403de2} at cultivos.wlk:48 exhausted all cases without a match\n    at c:\\Users\\bogar\\.vscode\\extensions\\uqbar.wollok-lsp-ide-0.3.5\\out\\server\\src\\server.js:38:6067\n    at hh (c:\\Users\\bogar\\.vscode\\extensions\\uqbar.wollok-lsp-ide-0.3.5\\out\\server\\src\\server.js:2281:42)\n    at vh (c:\\Users\\bogar\\.vscode\\extensions\\uqbar.wollok-lsp-ide-0.3.5\\out\\server\\src\\server.js:2281:1004)\n    at hh (c:\\Users\\bogar\\.vscode\\extensions\\uqbar.wollok-lsp-ide-0.3.5\\out\\server\\src\\server.js:2281:456)\n    at c:\\Users\\bogar\\.vscode\\extensions\\uqbar.wollok-lsp-ide-0.3.5\\out\\server\\src\\server.js:2281:2700\n    at c:\\Users\\bogar\\.vscode\\extensions\\uqbar.wollok-lsp-ide-0.3.5\\out\\server\\src\\server.js:2288:3774\n    at c:\\Users\\bogar\\.vscode\\extensions\\uqbar.wollok-lsp-ide-0.3.5\\out\\server\\src\\server.js:37:74872\n    at Fe (c:\\Users\\bogar\\.vscode\\extensions\\uqbar.wollok-lsp-ide-0.3.5\\out\\server\\src\\server.js:7:8527)\n    at Pt (c:\\Users\\bogar\\.vscode\\extensions\\uqbar.wollok-lsp-ide-0.3.5\\out\\server\\src\\server.js:7:6189)\n    at Gi (c:\\Users\\bogar\\.vscode\\extensions\\uqbar.wollok-lsp-ide-0.3.5\\out\\server\\src\\server.js:7:6378)","timestamp":"2024-10-02T22:09:14.814Z"}
{"level":"error","message":"âœ˜ Completions for node failed: Error: [Send]{aecbc1} at cultivos.wlk:48 exhausted all cases without a match [Send]{aecbc1} at cultivos.wlk:48 exhausted all cases without a match","stack":"Error: [Send]{aecbc1} at cultivos.wlk:48 exhausted all cases without a match\n    at c:\\Users\\bogar\\.vscode\\extensions\\uqbar.wollok-lsp-ide-0.3.5\\out\\server\\src\\server.js:38:6067\n    at hh (c:\\Users\\bogar\\.vscode\\extensions\\uqbar.wollok-lsp-ide-0.3.5\\out\\server\\src\\server.js:2281:42)\n    at vh (c:\\Users\\bogar\\.vscode\\extensions\\uqbar.wollok-lsp-ide-0.3.5\\out\\server\\src\\server.js:2281:1004)\n    at hh (c:\\Users\\bogar\\.vscode\\extensions\\uqbar.wollok-lsp-ide-0.3.5\\out\\server\\src\\server.js:2281:456)\n    at vh (c:\\Users\\bogar\\.vscode\\extensions\\uqbar.wollok-lsp-ide-0.3.5\\out\\server\\src\\server.js:2281:1004)\n    at hh (c:\\Users\\bogar\\.vscode\\extensions\\uqbar.wollok-lsp-ide-0.3.5\\out\\server\\src\\server.js:2281:456)\n    at c:\\Users\\bogar\\.vscode\\extensions\\uqbar.wollok-lsp-ide-0.3.5\\out\\server\\src\\server.js:2281:2700\n    at c:\\Users\\bogar\\.vscode\\extensions\\uqbar.wollok-lsp-ide-0.3.5\\out\\server\\src\\server.js:2288:3774\n    at c:\\Users\\bogar\\.vscode\\extensions\\uqbar.wollok-lsp-ide-0.3.5\\out\\server\\src\\server.js:37:74872\n    at Fe (c:\\Users\\bogar\\.vscode\\extensions\\uqbar.wollok-lsp-ide-0.3.5\\out\\server\\src\\server.js:7:8527)","timestamp":"2024-10-02T22:09:14.814Z"}
{"level":"error","message":"âœ˜ Completions for node failed: Error: [Send]{862667} at cultivos.wlk:48 exhausted all cases without a match [Send]{862667} at cultivos.wlk:48 exhausted all cases without a match","stack":"Error: [Send]{862667} at cultivos.wlk:48 exhausted all cases without a match\n    at c:\\Users\\bogar\\.vscode\\extensions\\uqbar.wollok-lsp-ide-0.3.5\\out\\server\\src\\server.js:38:6067\n    at hh (c:\\Users\\bogar\\.vscode\\extensions\\uqbar.wollok-lsp-ide-0.3.5\\out\\server\\src\\server.js:2281:42)\n    at vh (c:\\Users\\bogar\\.vscode\\extensions\\uqbar.wollok-lsp-ide-0.3.5\\out\\server\\src\\server.js:2281:1004)\n    at hh (c:\\Users\\bogar\\.vscode\\extensions\\uqbar.wollok-lsp-ide-0.3.5\\out\\server\\src\\server.js:2281:456)\n    at vh (c:\\Users\\bogar\\.vscode\\extensions\\uqbar.wollok-lsp-ide-0.3.5\\out\\server\\src\\server.js:2281:1004)\n    at hh (c:\\Users\\bogar\\.vscode\\extensions\\uqbar.wollok-lsp-ide-0.3.5\\out\\server\\src\\server.js:2281:456)\n    at vh (c:\\Users\\bogar\\.vscode\\extensions\\uqbar.wollok-lsp-ide-0.3.5\\out\\server\\src\\server.js:2281:1004)\n    at hh (c:\\Users\\bogar\\.vscode\\extensions\\uqbar.wollok-lsp-ide-0.3.5\\out\\server\\src\\server.js:2281:456)\n    at c:\\Users\\bogar\\.vscode\\extensions\\uqbar.wollok-lsp-ide-0.3.5\\out\\server\\src\\server.js:2281:2700\n    at c:\\Users\\bogar\\.vscode\\extensions\\uqbar.wollok-lsp-ide-0.3.5\\out\\server\\src\\server.js:2288:3774","timestamp":"2024-10-02T22:09:14.814Z"}
{"level":"error","message":"âœ˜ Completions for node failed: Error: [Send]{f527b0} at cultivos.wlk:47 exhausted all cases without a match [Send]{f527b0} at cultivos.wlk:47 exhausted all cases without a match","stack":"Error: [Send]{f527b0} at cultivos.wlk:47 exhausted all cases without a match\n    at c:\\Users\\bogar\\.vscode\\extensions\\uqbar.wollok-lsp-ide-0.3.5\\out\\server\\src\\server.js:38:6067\n    at hh (c:\\Users\\bogar\\.vscode\\extensions\\uqbar.wollok-lsp-ide-0.3.5\\out\\server\\src\\server.js:2281:42)\n    at vh (c:\\Users\\bogar\\.vscode\\extensions\\uqbar.wollok-lsp-ide-0.3.5\\out\\server\\src\\server.js:2281:1004)\n    at hh (c:\\Users\\bogar\\.vscode\\extensions\\uqbar.wollok-lsp-ide-0.3.5\\out\\server\\src\\server.js:2281:456)\n    at vh (c:\\Users\\bogar\\.vscode\\extensions\\uqbar.wollok-lsp-ide-0.3.5\\out\\server\\src\\server.js:2281:1004)\n    at hh (c:\\Users\\bogar\\.vscode\\extensions\\uqbar.wollok-lsp-ide-0.3.5\\out\\server\\src\\server.js:2281:456)\n    at vh (c:\\Users\\bogar\\.vscode\\extensions\\uqbar.wollok-lsp-ide-0.3.5\\out\\server\\src\\server.js:2281:1004)\n    at hh (c:\\Users\\bogar\\.vscode\\extensions\\uqbar.wollok-lsp-ide-0.3.5\\out\\server\\src\\server.js:2281:456)\n    at vh (c:\\Users\\bogar\\.vscode\\extensions\\uqbar.wollok-lsp-ide-0.3.5\\out\\server\\src\\server.js:2281:1004)\n    at hh (c:\\Users\\bogar\\.vscode\\extensions\\uqbar.wollok-lsp-ide-0.3.5\\out\\server\\src\\server.js:2281:456)","timestamp":"2024-10-02T22:09:14.814Z"}
{"level":"error","message":"âœ˜ Completions for node failed: Error: [Return]{a0a3b7} at cultivos.wlk:47 exhausted all cases without a match [Return]{a0a3b7} at cultivos.wlk:47 exhausted all cases without a match","stack":"Error: [Return]{a0a3b7} at cultivos.wlk:47 exhausted all cases without a match\n    at c:\\Users\\bogar\\.vscode\\extensions\\uqbar.wollok-lsp-ide-0.3.5\\out\\server\\src\\server.js:38:6067\n    at hh (c:\\Users\\bogar\\.vscode\\extensions\\uqbar.wollok-lsp-ide-0.3.5\\out\\server\\src\\server.js:2281:42)\n    at vh (c:\\Users\\bogar\\.vscode\\extensions\\uqbar.wollok-lsp-ide-0.3.5\\out\\server\\src\\server.js:2281:1004)\n    at hh (c:\\Users\\bogar\\.vscode\\extensions\\uqbar.wollok-lsp-ide-0.3.5\\out\\server\\src\\server.js:2281:456)\n    at vh (c:\\Users\\bogar\\.vscode\\extensions\\uqbar.wollok-lsp-ide-0.3.5\\out\\server\\src\\server.js:2281:1004)\n    at hh (c:\\Users\\bogar\\.vscode\\extensions\\uqbar.wollok-lsp-ide-0.3.5\\out\\server\\src\\server.js:2281:456)\n    at vh (c:\\Users\\bogar\\.vscode\\extensions\\uqbar.wollok-lsp-ide-0.3.5\\out\\server\\src\\server.js:2281:1004)\n    at hh (c:\\Users\\bogar\\.vscode\\extensions\\uqbar.wollok-lsp-ide-0.3.5\\out\\server\\src\\server.js:2281:456)\n    at vh (c:\\Users\\bogar\\.vscode\\extensions\\uqbar.wollok-lsp-ide-0.3.5\\out\\server\\src\\server.js:2281:1004)\n    at hh (c:\\Users\\bogar\\.vscode\\extensions\\uqbar.wollok-lsp-ide-0.3.5\\out\\server\\src\\server.js:2281:456)","timestamp":"2024-10-02T22:09:14.814Z"}
{"level":"error","message":"âœ˜ Completions for node failed: Error: [Send]{414bbb} at cultivos.wlk:48 exhausted all cases without a match [Send]{414bbb} at cultivos.wlk:48 exhausted all cases without a match","stack":"Error: [Send]{414bbb} at cultivos.wlk:48 exhausted all cases without a match\n    at c:\\Users\\bogar\\.vscode\\extensions\\uqbar.wollok-lsp-ide-0.3.5\\out\\server\\src\\server.js:38:6067\n    at hh (c:\\Users\\bogar\\.vscode\\extensions\\uqbar.wollok-lsp-ide-0.3.5\\out\\server\\src\\server.js:2281:42)\n    at c:\\Users\\bogar\\.vscode\\extensions\\uqbar.wollok-lsp-ide-0.3.5\\out\\server\\src\\server.js:2281:2700\n    at c:\\Users\\bogar\\.vscode\\extensions\\uqbar.wollok-lsp-ide-0.3.5\\out\\server\\src\\server.js:2288:3774\n    at c:\\Users\\bogar\\.vscode\\extensions\\uqbar.wollok-lsp-ide-0.3.5\\out\\server\\src\\server.js:37:74872\n    at Fe (c:\\Users\\bogar\\.vscode\\extensions\\uqbar.wollok-lsp-ide-0.3.5\\out\\server\\src\\server.js:7:8527)\n    at Pt (c:\\Users\\bogar\\.vscode\\extensions\\uqbar.wollok-lsp-ide-0.3.5\\out\\server\\src\\server.js:7:6189)\n    at Gi (c:\\Users\\bogar\\.vscode\\extensions\\uqbar.wollok-lsp-ide-0.3.5\\out\\server\\src\\server.js:7:6378)\n    at Immediate._onImmediate (c:\\Users\\bogar\\.vscode\\extensions\\uqbar.wollok-lsp-ide-0.3.5\\out\\server\\src\\server.js:7:6142)\n    at process.processImmediate (node:internal/timers:478:21)","timestamp":"2024-10-02T22:09:14.965Z"}
{"level":"error","message":"âœ˜ Completions for node failed: Error: [Send]{fdb028} at cultivos.wlk:48 exhausted all cases without a match [Send]{fdb028} at cultivos.wlk:48 exhausted all cases without a match","stack":"Error: [Send]{fdb028} at cultivos.wlk:48 exhausted all cases without a match\n    at c:\\Users\\bogar\\.vscode\\extensions\\uqbar.wollok-lsp-ide-0.3.5\\out\\server\\src\\server.js:38:6067\n    at hh (c:\\Users\\bogar\\.vscode\\extensions\\uqbar.wollok-lsp-ide-0.3.5\\out\\server\\src\\server.js:2281:42)\n    at vh (c:\\Users\\bogar\\.vscode\\extensions\\uqbar.wollok-lsp-ide-0.3.5\\out\\server\\src\\server.js:2281:1004)\n    at hh (c:\\Users\\bogar\\.vscode\\extensions\\uqbar.wollok-lsp-ide-0.3.5\\out\\server\\src\\server.js:2281:456)\n    at c:\\Users\\bogar\\.vscode\\extensions\\uqbar.wollok-lsp-ide-0.3.5\\out\\server\\src\\server.js:2281:2700\n    at c:\\Users\\bogar\\.vscode\\extensions\\uqbar.wollok-lsp-ide-0.3.5\\out\\server\\src\\server.js:2288:3774\n    at c:\\Users\\bogar\\.vscode\\extensions\\uqbar.wollok-lsp-ide-0.3.5\\out\\server\\src\\server.js:37:74872\n    at Fe (c:\\Users\\bogar\\.vscode\\extensions\\uqbar.wollok-lsp-ide-0.3.5\\out\\server\\src\\server.js:7:8527)\n    at Pt (c:\\Users\\bogar\\.vscode\\extensions\\uqbar.wollok-lsp-ide-0.3.5\\out\\server\\src\\server.js:7:6189)\n    at Gi (c:\\Users\\bogar\\.vscode\\extensions\\uqbar.wollok-lsp-ide-0.3.5\\out\\server\\src\\server.js:7:6378)","timestamp":"2024-10-02T22:09:14.966Z"}
{"level":"error","message":"âœ˜ Completions for node failed: Error: [Send]{0c794c} at cultivos.wlk:48 exhausted all cases without a match [Send]{0c794c} at cultivos.wlk:48 exhausted all cases without a match","stack":"Error: [Send]{0c794c} at cultivos.wlk:48 exhausted all cases without a match\n    at c:\\Users\\bogar\\.vscode\\extensions\\uqbar.wollok-lsp-ide-0.3.5\\out\\server\\src\\server.js:38:6067\n    at hh (c:\\Users\\bogar\\.vscode\\extensions\\uqbar.wollok-lsp-ide-0.3.5\\out\\server\\src\\server.js:2281:42)\n    at vh (c:\\Users\\bogar\\.vscode\\extensions\\uqbar.wollok-lsp-ide-0.3.5\\out\\server\\src\\server.js:2281:1004)\n    at hh (c:\\Users\\bogar\\.vscode\\extensions\\uqbar.wollok-lsp-ide-0.3.5\\out\\server\\src\\server.js:2281:456)\n    at vh (c:\\Users\\bogar\\.vscode\\extensions\\uqbar.wollok-lsp-ide-0.3.5\\out\\server\\src\\server.js:2281:1004)\n    at hh (c:\\Users\\bogar\\.vscode\\extensions\\uqbar.wollok-lsp-ide-0.3.5\\out\\server\\src\\server.js:2281:456)\n    at c:\\Users\\bogar\\.vscode\\extensions\\uqbar.wollok-lsp-ide-0.3.5\\out\\server\\src\\server.js:2281:2700\n    at c:\\Users\\bogar\\.vscode\\extensions\\uqbar.wollok-lsp-ide-0.3.5\\out\\server\\src\\server.js:2288:3774\n    at c:\\Users\\bogar\\.vscode\\extensions\\uqbar.wollok-lsp-ide-0.3.5\\out\\server\\src\\server.js:37:74872\n    at Fe (c:\\Users\\bogar\\.vscode\\extensions\\uqbar.wollok-lsp-ide-0.3.5\\out\\server\\src\\server.js:7:8527)","timestamp":"2024-10-02T22:09:14.966Z"}
{"level":"error","message":"âœ˜ Completions for node failed: Error: [Send]{8e1208} at cultivos.wlk:48 exhausted all cases without a match [Send]{8e1208} at cultivos.wlk:48 exhausted all cases without a match","stack":"Error: [Send]{8e1208} at cultivos.wlk:48 exhausted all cases without a match\n    at c:\\Users\\bogar\\.vscode\\extensions\\uqbar.wollok-lsp-ide-0.3.5\\out\\server\\src\\server.js:38:6067\n    at hh (c:\\Users\\bogar\\.vscode\\extensions\\uqbar.wollok-lsp-ide-0.3.5\\out\\server\\src\\server.js:2281:42)\n    at vh (c:\\Users\\bogar\\.vscode\\extensions\\uqbar.wollok-lsp-ide-0.3.5\\out\\server\\src\\server.js:2281:1004)\n    at hh (c:\\Users\\bogar\\.vscode\\extensions\\uqbar.wollok-lsp-ide-0.3.5\\out\\server\\src\\server.js:2281:456)\n    at vh (c:\\Users\\bogar\\.vscode\\extensions\\uqbar.wollok-lsp-ide-0.3.5\\out\\server\\src\\server.js:2281:1004)\n    at hh (c:\\Users\\bogar\\.vscode\\extensions\\uqbar.wollok-lsp-ide-0.3.5\\out\\server\\src\\server.js:2281:456)\n    at vh (c:\\Users\\bogar\\.vscode\\extensions\\uqbar.wollok-lsp-ide-0.3.5\\out\\server\\src\\server.js:2281:1004)\n    at hh (c:\\Users\\bogar\\.vscode\\extensions\\uqbar.wollok-lsp-ide-0.3.5\\out\\server\\src\\server.js:2281:456)\n    at c:\\Users\\bogar\\.vscode\\extensions\\uqbar.wollok-lsp-ide-0.3.5\\out\\server\\src\\server.js:2281:2700\n    at c:\\Users\\bogar\\.vscode\\extensions\\uqbar.wollok-lsp-ide-0.3.5\\out\\server\\src\\server.js:2288:3774","timestamp":"2024-10-02T22:09:14.966Z"}
{"level":"error","message":"âœ˜ Completions for node failed: Error: [Send]{77e17d} at cultivos.wlk:47 exhausted all cases without a match [Send]{77e17d} at cultivos.wlk:47 exhausted all cases without a match","stack":"Error: [Send]{77e17d} at cultivos.wlk:47 exhausted all cases without a match\n    at c:\\Users\\bogar\\.vscode\\extensions\\uqbar.wollok-lsp-ide-0.3.5\\out\\server\\src\\server.js:38:6067\n    at hh (c:\\Users\\bogar\\.vscode\\extensions\\uqbar.wollok-lsp-ide-0.3.5\\out\\server\\src\\server.js:2281:42)\n    at vh (c:\\Users\\bogar\\.vscode\\extensions\\uqbar.wollok-lsp-ide-0.3.5\\out\\server\\src\\server.js:2281:1004)\n    at hh (c:\\Users\\bogar\\.vscode\\extensions\\uqbar.wollok-lsp-ide-0.3.5\\out\\server\\src\\server.js:2281:456)\n    at vh (c:\\Users\\bogar\\.vscode\\extensions\\uqbar.wollok-lsp-ide-0.3.5\\out\\server\\src\\server.js:2281:1004)\n    at hh (c:\\Users\\bogar\\.vscode\\extensions\\uqbar.wollok-lsp-ide-0.3.5\\out\\server\\src\\server.js:2281:456)\n    at vh (c:\\Users\\bogar\\.vscode\\extensions\\uqbar.wollok-lsp-ide-0.3.5\\out\\server\\src\\server.js:2281:1004)\n    at hh (c:\\Users\\bogar\\.vscode\\extensions\\uqbar.wollok-lsp-ide-0.3.5\\out\\server\\src\\server.js:2281:456)\n    at vh (c:\\Users\\bogar\\.vscode\\extensions\\uqbar.wollok-lsp-ide-0.3.5\\out\\server\\src\\server.js:2281:1004)\n    at hh (c:\\Users\\bogar\\.vscode\\extensions\\uqbar.wollok-lsp-ide-0.3.5\\out\\server\\src\\server.js:2281:456)","timestamp":"2024-10-02T22:09:14.966Z"}
{"level":"error","message":"âœ˜ Completions for node failed: Error: [Return]{451ddb} at cultivos.wlk:47 exhausted all cases without a match [Return]{451ddb} at cultivos.wlk:47 exhausted all cases without a match","stack":"Error: [Return]{451ddb} at cultivos.wlk:47 exhausted all cases without a match\n    at c:\\Users\\bogar\\.vscode\\extensions\\uqbar.wollok-lsp-ide-0.3.5\\out\\server\\src\\server.js:38:6067\n    at hh (c:\\Users\\bogar\\.vscode\\extensions\\uqbar.wollok-lsp-ide-0.3.5\\out\\server\\src\\server.js:2281:42)\n    at vh (c:\\Users\\bogar\\.vscode\\extensions\\uqbar.wollok-lsp-ide-0.3.5\\out\\server\\src\\server.js:2281:1004)\n    at hh (c:\\Users\\bogar\\.vscode\\extensions\\uqbar.wollok-lsp-ide-0.3.5\\out\\server\\src\\server.js:2281:456)\n    at vh (c:\\Users\\bogar\\.vscode\\extensions\\uqbar.wollok-lsp-ide-0.3.5\\out\\server\\src\\server.js:2281:1004)\n    at hh (c:\\Users\\bogar\\.vscode\\extensions\\uqbar.wollok-lsp-ide-0.3.5\\out\\server\\src\\server.js:2281:456)\n    at vh (c:\\Users\\bogar\\.vscode\\extensions\\uqbar.wollok-lsp-ide-0.3.5\\out\\server\\src\\server.js:2281:1004)\n    at hh (c:\\Users\\bogar\\.vscode\\extensions\\uqbar.wollok-lsp-ide-0.3.5\\out\\server\\src\\server.js:2281:456)\n    at vh (c:\\Users\\bogar\\.vscode\\extensions\\uqbar.wollok-lsp-ide-0.3.5\\out\\server\\src\\server.js:2281:1004)\n    at hh (c:\\Users\\bogar\\.vscode\\extensions\\uqbar.wollok-lsp-ide-0.3.5\\out\\server\\src\\server.js:2281:456)","timestamp":"2024-10-02T22:09:14.966Z"}
{"exitCode":{"address":"::","code":"EADDRINUSE","errno":-4091,"port":3000,"syscall":"listen"},"level":"info","message":"ðŸ‘¾ Game executed game.farmville on d:\\Universidad\\Obj1\\Proyectos de game\\2024s2-granja-villa-BogarLean","timeElapsed":363,"timestamp":"2024-10-02T22:11:21.319Z"}
{"failures":[],"level":"info","message":"ðŸ§ª Test runner executed on d:\\Universidad\\Obj1\\Proyectos de game\\2024s2-granja-villa-BogarLean","result":{"failed":0,"ok":1},"timeElapsed":288,"timestamp":"2024-10-02T22:12:05.438Z"}
{"exitCode":{"address":"::","code":"EADDRINUSE","errno":-4091,"port":3000,"syscall":"listen"},"level":"info","message":"ðŸ‘¾ Game executed game.farmville on d:\\Universidad\\Obj1\\Proyectos de game\\2024s2-granja-villa-BogarLean","timeElapsed":335,"timestamp":"2024-10-02T22:13:09.905Z"}
{"exitCode":{"address":"::","code":"EADDRINUSE","errno":-4091,"port":3000,"syscall":"listen"},"level":"info","message":"ðŸ‘¾ Game executed game.farmville on d:\\Universidad\\Obj1\\Proyectos de game\\2024s2-granja-villa-BogarLean","timeElapsed":334,"timestamp":"2024-10-02T22:13:50.896Z"}
{"level":"error","message":"âœ˜ Completions for node failed: Error: [Send]{d48f8b} at cultivos.wlk:37 exhausted all cases without a match [Send]{d48f8b} at cultivos.wlk:37 exhausted all cases without a match","stack":"Error: [Send]{d48f8b} at cultivos.wlk:37 exhausted all cases without a match\n    at c:\\Users\\bogar\\.vscode\\extensions\\uqbar.wollok-lsp-ide-0.3.5\\out\\server\\src\\server.js:38:6067\n    at hh (c:\\Users\\bogar\\.vscode\\extensions\\uqbar.wollok-lsp-ide-0.3.5\\out\\server\\src\\server.js:2281:42)\n    at c:\\Users\\bogar\\.vscode\\extensions\\uqbar.wollok-lsp-ide-0.3.5\\out\\server\\src\\server.js:2281:2700\n    at c:\\Users\\bogar\\.vscode\\extensions\\uqbar.wollok-lsp-ide-0.3.5\\out\\server\\src\\server.js:2288:3774\n    at c:\\Users\\bogar\\.vscode\\extensions\\uqbar.wollok-lsp-ide-0.3.5\\out\\server\\src\\server.js:37:74872\n    at Fe (c:\\Users\\bogar\\.vscode\\extensions\\uqbar.wollok-lsp-ide-0.3.5\\out\\server\\src\\server.js:7:8527)\n    at Pt (c:\\Users\\bogar\\.vscode\\extensions\\uqbar.wollok-lsp-ide-0.3.5\\out\\server\\src\\server.js:7:6189)\n    at Gi (c:\\Users\\bogar\\.vscode\\extensions\\uqbar.wollok-lsp-ide-0.3.5\\out\\server\\src\\server.js:7:6378)\n    at Immediate._onImmediate (c:\\Users\\bogar\\.vscode\\extensions\\uqbar.wollok-lsp-ide-0.3.5\\out\\server\\src\\server.js:7:6142)\n    at process.processImmediate (node:internal/timers:478:21)","timestamp":"2024-10-02T22:15:40.060Z"}
{"level":"error","message":"âœ˜ Completions for node failed: Error: [Send]{e405be} at cultivos.wlk:37 exhausted all cases without a match [Send]{e405be} at cultivos.wlk:37 exhausted all cases without a match","stack":"Error: [Send]{e405be} at cultivos.wlk:37 exhausted all cases without a match\n    at c:\\Users\\bogar\\.vscode\\extensions\\uqbar.wollok-lsp-ide-0.3.5\\out\\server\\src\\server.js:38:6067\n    at hh (c:\\Users\\bogar\\.vscode\\extensions\\uqbar.wollok-lsp-ide-0.3.5\\out\\server\\src\\server.js:2281:42)\n    at c:\\Users\\bogar\\.vscode\\extensions\\uqbar.wollok-lsp-ide-0.3.5\\out\\server\\src\\server.js:2281:2700\n    at c:\\Users\\bogar\\.vscode\\extensions\\uqbar.wollok-lsp-ide-0.3.5\\out\\server\\src\\server.js:2288:3774\n    at c:\\Users\\bogar\\.vscode\\extensions\\uqbar.wollok-lsp-ide-0.3.5\\out\\server\\src\\server.js:37:74872\n    at Fe (c:\\Users\\bogar\\.vscode\\extensions\\uqbar.wollok-lsp-ide-0.3.5\\out\\server\\src\\server.js:7:8527)\n    at Pt (c:\\Users\\bogar\\.vscode\\extensions\\uqbar.wollok-lsp-ide-0.3.5\\out\\server\\src\\server.js:7:6189)\n    at Gi (c:\\Users\\bogar\\.vscode\\extensions\\uqbar.wollok-lsp-ide-0.3.5\\out\\server\\src\\server.js:7:6378)\n    at Immediate._onImmediate (c:\\Users\\bogar\\.vscode\\extensions\\uqbar.wollok-lsp-ide-0.3.5\\out\\server\\src\\server.js:7:6142)\n    at process.processImmediate (node:internal/timers:478:21)","timestamp":"2024-10-02T22:15:40.363Z"}
{"level":"error","message":"âœ˜ Completions for node failed: Error: [Send]{07cd22} at cultivos.wlk:37 exhausted all cases without a match [Send]{07cd22} at cultivos.wlk:37 exhausted all cases without a match","stack":"Error: [Send]{07cd22} at cultivos.wlk:37 exhausted all cases without a match\n    at c:\\Users\\bogar\\.vscode\\extensions\\uqbar.wollok-lsp-ide-0.3.5\\out\\server\\src\\server.js:38:6067\n    at hh (c:\\Users\\bogar\\.vscode\\extensions\\uqbar.wollok-lsp-ide-0.3.5\\out\\server\\src\\server.js:2281:42)\n    at c:\\Users\\bogar\\.vscode\\extensions\\uqbar.wollok-lsp-ide-0.3.5\\out\\server\\src\\server.js:2281:2700\n    at c:\\Users\\bogar\\.vscode\\extensions\\uqbar.wollok-lsp-ide-0.3.5\\out\\server\\src\\server.js:2288:3774\n    at c:\\Users\\bogar\\.vscode\\extensions\\uqbar.wollok-lsp-ide-0.3.5\\out\\server\\src\\server.js:37:74872\n    at Fe (c:\\Users\\bogar\\.vscode\\extensions\\uqbar.wollok-lsp-ide-0.3.5\\out\\server\\src\\server.js:7:8527)\n    at Pt (c:\\Users\\bogar\\.vscode\\extensions\\uqbar.wollok-lsp-ide-0.3.5\\out\\server\\src\\server.js:7:6189)\n    at Gi (c:\\Users\\bogar\\.vscode\\extensions\\uqbar.wollok-lsp-ide-0.3.5\\out\\server\\src\\server.js:7:6378)\n    at Immediate._onImmediate (c:\\Users\\bogar\\.vscode\\extensions\\uqbar.wollok-lsp-ide-0.3.5\\out\\server\\src\\server.js:7:6142)\n    at process.processImmediate (node:internal/timers:478:21)","timestamp":"2024-10-02T22:15:40.533Z"}
{"level":"error","message":"âœ˜ Completions for node failed: Error: [Send]{a98394} at cultivos.wlk:37 exhausted all cases without a match [Send]{a98394} at cultivos.wlk:37 exhausted all cases without a match","stack":"Error: [Send]{a98394} at cultivos.wlk:37 exhausted all cases without a match\n    at c:\\Users\\bogar\\.vscode\\extensions\\uqbar.wollok-lsp-ide-0.3.5\\out\\server\\src\\server.js:38:6067\n    at hh (c:\\Users\\bogar\\.vscode\\extensions\\uqbar.wollok-lsp-ide-0.3.5\\out\\server\\src\\server.js:2281:42)\n    at c:\\Users\\bogar\\.vscode\\extensions\\uqbar.wollok-lsp-ide-0.3.5\\out\\server\\src\\server.js:2281:2700\n    at c:\\Users\\bogar\\.vscode\\extensions\\uqbar.wollok-lsp-ide-0.3.5\\out\\server\\src\\server.js:2288:3774\n    at c:\\Users\\bogar\\.vscode\\extensions\\uqbar.wollok-lsp-ide-0.3.5\\out\\server\\src\\server.js:37:74872\n    at Fe (c:\\Users\\bogar\\.vscode\\extensions\\uqbar.wollok-lsp-ide-0.3.5\\out\\server\\src\\server.js:7:8527)\n    at Pt (c:\\Users\\bogar\\.vscode\\extensions\\uqbar.wollok-lsp-ide-0.3.5\\out\\server\\src\\server.js:7:6189)\n    at Gi (c:\\Users\\bogar\\.vscode\\extensions\\uqbar.wollok-lsp-ide-0.3.5\\out\\server\\src\\server.js:7:6378)\n    at Immediate._onImmediate (c:\\Users\\bogar\\.vscode\\extensions\\uqbar.wollok-lsp-ide-0.3.5\\out\\server\\src\\server.js:7:6142)\n    at process.processImmediate (node:internal/timers:478:21)","timestamp":"2024-10-02T22:15:41.631Z"}
{"level":"error","message":"âœ˜ Completions for node failed: Error: [Send]{63985b} at cultivos.wlk:37 exhausted all cases without a match [Send]{63985b} at cultivos.wlk:37 exhausted all cases without a match","stack":"Error: [Send]{63985b} at cultivos.wlk:37 exhausted all cases without a match\n    at c:\\Users\\bogar\\.vscode\\extensions\\uqbar.wollok-lsp-ide-0.3.5\\out\\server\\src\\server.js:38:6067\n    at hh (c:\\Users\\bogar\\.vscode\\extensions\\uqbar.wollok-lsp-ide-0.3.5\\out\\server\\src\\server.js:2281:42)\n    at c:\\Users\\bogar\\.vscode\\extensions\\uqbar.wollok-lsp-ide-0.3.5\\out\\server\\src\\server.js:2281:2700\n    at c:\\Users\\bogar\\.vscode\\extensions\\uqbar.wollok-lsp-ide-0.3.5\\out\\server\\src\\server.js:2288:3774\n    at c:\\Users\\bogar\\.vscode\\extensions\\uqbar.wollok-lsp-ide-0.3.5\\out\\server\\src\\server.js:37:74872\n    at Fe (c:\\Users\\bogar\\.vscode\\extensions\\uqbar.wollok-lsp-ide-0.3.5\\out\\server\\src\\server.js:7:8527)\n    at Pt (c:\\Users\\bogar\\.vscode\\extensions\\uqbar.wollok-lsp-ide-0.3.5\\out\\server\\src\\server.js:7:6189)\n    at Gi (c:\\Users\\bogar\\.vscode\\extensions\\uqbar.wollok-lsp-ide-0.3.5\\out\\server\\src\\server.js:7:6378)\n    at Immediate._onImmediate (c:\\Users\\bogar\\.vscode\\extensions\\uqbar.wollok-lsp-ide-0.3.5\\out\\server\\src\\server.js:7:6142)\n    at process.processImmediate (node:internal/timers:478:21)","timestamp":"2024-10-02T22:15:41.755Z"}
{"level":"error","message":"âœ˜ Completions for node failed: Error: [Send]{ea3c52} at cultivos.wlk:37 exhausted all cases without a match [Send]{ea3c52} at cultivos.wlk:37 exhausted all cases without a match","stack":"Error: [Send]{ea3c52} at cultivos.wlk:37 exhausted all cases without a match\n    at c:\\Users\\bogar\\.vscode\\extensions\\uqbar.wollok-lsp-ide-0.3.5\\out\\server\\src\\server.js:38:6067\n    at hh (c:\\Users\\bogar\\.vscode\\extensions\\uqbar.wollok-lsp-ide-0.3.5\\out\\server\\src\\server.js:2281:42)\n    at c:\\Users\\bogar\\.vscode\\extensions\\uqbar.wollok-lsp-ide-0.3.5\\out\\server\\src\\server.js:2281:2700\n    at c:\\Users\\bogar\\.vscode\\extensions\\uqbar.wollok-lsp-ide-0.3.5\\out\\server\\src\\server.js:2288:3774\n    at c:\\Users\\bogar\\.vscode\\extensions\\uqbar.wollok-lsp-ide-0.3.5\\out\\server\\src\\server.js:37:74872\n    at Fe (c:\\Users\\bogar\\.vscode\\extensions\\uqbar.wollok-lsp-ide-0.3.5\\out\\server\\src\\server.js:7:8527)\n    at Pt (c:\\Users\\bogar\\.vscode\\extensions\\uqbar.wollok-lsp-ide-0.3.5\\out\\server\\src\\server.js:7:6189)\n    at Gi (c:\\Users\\bogar\\.vscode\\extensions\\uqbar.wollok-lsp-ide-0.3.5\\out\\server\\src\\server.js:7:6378)\n    at Immediate._onImmediate (c:\\Users\\bogar\\.vscode\\extensions\\uqbar.wollok-lsp-ide-0.3.5\\out\\server\\src\\server.js:7:6142)\n    at process.processImmediate (node:internal/timers:478:21)","timestamp":"2024-10-02T22:15:41.888Z"}
{"exitCode":{"address":"::","code":"EADDRINUSE","errno":-4091,"port":3000,"syscall":"listen"},"level":"info","message":"ðŸ‘¾ Game executed game.farmville on d:\\Universidad\\Obj1\\Proyectos de game\\2024s2-granja-villa-BogarLean","timeElapsed":362,"timestamp":"2024-10-02T22:15:51.944Z"}
{"level":"info","message":"onRequest - completionItem/resolve","timestamp":"2024-10-02T22:16:01.680Z"}
{"level":"error","message":"âœ˜ Completions for node failed: Error: [Send]{ef105c} at game.wpgm:14 exhausted all cases without a match [Send]{ef105c} at game.wpgm:14 exhausted all cases without a match","stack":"Error: [Send]{ef105c} at game.wpgm:14 exhausted all cases without a match\n    at c:\\Users\\bogar\\.vscode\\extensions\\uqbar.wollok-lsp-ide-0.3.5\\out\\server\\src\\server.js:38:6067\n    at hh (c:\\Users\\bogar\\.vscode\\extensions\\uqbar.wollok-lsp-ide-0.3.5\\out\\server\\src\\server.js:2281:42)\n    at vh (c:\\Users\\bogar\\.vscode\\extensions\\uqbar.wollok-lsp-ide-0.3.5\\out\\server\\src\\server.js:2281:1004)\n    at F5n (c:\\Users\\bogar\\.vscode\\extensions\\uqbar.wollok-lsp-ide-0.3.5\\out\\server\\src\\server.js:2281:1160)\n    at c:\\Users\\bogar\\.vscode\\extensions\\uqbar.wollok-lsp-ide-0.3.5\\out\\server\\src\\server.js:38:6056\n    at hh (c:\\Users\\bogar\\.vscode\\extensions\\uqbar.wollok-lsp-ide-0.3.5\\out\\server\\src\\server.js:2281:42)\n    at c:\\Users\\bogar\\.vscode\\extensions\\uqbar.wollok-lsp-ide-0.3.5\\out\\server\\src\\server.js:2281:2700\n    at c:\\Users\\bogar\\.vscode\\extensions\\uqbar.wollok-lsp-ide-0.3.5\\out\\server\\src\\server.js:2288:3774\n    at c:\\Users\\bogar\\.vscode\\extensions\\uqbar.wollok-lsp-ide-0.3.5\\out\\server\\src\\server.js:37:74872\n    at Fe (c:\\Users\\bogar\\.vscode\\extensions\\uqbar.wollok-lsp-ide-0.3.5\\out\\server\\src\\server.js:7:8527)","timestamp":"2024-10-02T22:16:05.461Z"}
{"level":"info","message":"onRequest - completionItem/resolve","timestamp":"2024-10-02T22:16:05.527Z"}
{"error":["wollok.lang.EvaluationError wrapping TypeScript Error: Could not resolve reference to Maiz or its a reference to void","  at game.farmville [game.wpgm:5]"],"level":"info","message":"ðŸ‘¾ Game executed game.farmville on d:\\Universidad\\Obj1\\Proyectos de game\\2024s2-granja-villa-BogarLean","ok":false,"timeElapsed":398,"timestamp":"2024-10-02T22:16:09.460Z"}
{"exitCode":{"address":"::","code":"EADDRINUSE","errno":-4091,"port":3000,"syscall":"listen"},"level":"info","message":"ðŸ‘¾ Game executed game.farmville on d:\\Universidad\\Obj1\\Proyectos de game\\2024s2-granja-villa-BogarLean","timeElapsed":349,"timestamp":"2024-10-02T22:18:18.846Z"}
{"level":"info","message":"onRequest - completionItem/resolve","timestamp":"2024-10-02T22:18:55.538Z"}
{"level":"info","message":"onRequest - completionItem/resolve","timestamp":"2024-10-02T22:18:55.594Z"}
{"level":"info","message":"onRequest - completionItem/resolve","timestamp":"2024-10-02T22:18:55.737Z"}
{"level":"info","message":"onRequest - completionItem/resolve","timestamp":"2024-10-02T22:18:57.742Z"}
{"level":"info","message":"onRequest - completionItem/resolve","timestamp":"2024-10-02T22:18:57.788Z"}
{"level":"info","message":"onRequest - completionItem/resolve","timestamp":"2024-10-02T22:18:57.986Z"}
{"level":"error","message":"âœ˜ Failed to rebuild document Failed to parse game.wpgm: \n-- PARSING FAILED --------------------------------------------------\n\n  24 | \tgame.start()\n  25 | \t\n> 26 | }\n     | ^\n  27 | \n\nExpected one of the following: \n\n'@', 'class', 'const', 'describe', 'mixin', 'object', 'only', 'package', 'program', 'test', 'var', '{', EOF, comment, not \"}\r\n\", whitespace\n","stack":"Error: Failed to parse game.wpgm: \n-- PARSING FAILED --------------------------------------------------\n\n  24 | \tgame.start()\n  25 | \t\n> 26 | }\n     | ^\n  27 | \n\nExpected one of the following: \n\n'@', 'class', 'const', 'describe', 'mixin', 'object', 'only', 'package', 'program', 'test', 'var', '{', EOF, comment, not \"}\r\n\", whitespace\n\n    at c:\\Users\\bogar\\.vscode\\extensions\\uqbar.wollok-lsp-ide-0.3.5\\out\\server\\src\\server.js:2244:21840\n    at Array.map (<anonymous>)\n    at Ifn (c:\\Users\\bogar\\.vscode\\extensions\\uqbar.wollok-lsp-ide-0.3.5\\out\\server\\src\\server.js:2244:21764)\n    at h2.buildEnvironmentFrom (c:\\Users\\bogar\\.vscode\\extensions\\uqbar.wollok-lsp-ide-0.3.5\\out\\server\\src\\server.js:2275:16306)\n    at h2.updateEnvironmentWith (c:\\Users\\bogar\\.vscode\\extensions\\uqbar.wollok-lsp-ide-0.3.5\\out\\server\\src\\server.js:2275:16041)\n    at DL (c:\\Users\\bogar\\.vscode\\extensions\\uqbar.wollok-lsp-ide-0.3.5\\out\\server\\src\\server.js:2288:2292)\n    at b3.invoke (c:\\Users\\bogar\\.vscode\\extensions\\uqbar.wollok-lsp-ide-0.3.5\\out\\server\\src\\server.js:3:157188)\n    at o.fire (c:\\Users\\bogar\\.vscode\\extensions\\uqbar.wollok-lsp-ide-0.3.5\\out\\server\\src\\server.js:3:157958)\n    at c:\\Users\\bogar\\.vscode\\extensions\\uqbar.wollok-lsp-ide-0.3.5\\out\\server\\src\\server.js:37:57871\n    at Br (c:\\Users\\bogar\\.vscode\\extensions\\uqbar.wollok-lsp-ide-0.3.5\\out\\server\\src\\server.js:8:1561)","timestamp":"2024-10-02T22:18:59.965Z"}
{"level":"info","message":"onRequest - completionItem/resolve","timestamp":"2024-10-02T22:18:59.983Z"}
{"exitCode":{"address":"::","code":"EADDRINUSE","errno":-4091,"port":3000,"syscall":"listen"},"level":"info","message":"ðŸ‘¾ Game executed game.farmville on d:\\Universidad\\Obj1\\Proyectos de game\\2024s2-granja-villa-BogarLean","timeElapsed":369,"timestamp":"2024-10-02T22:19:03.220Z"}
{"level":"info","message":"onRequest - completionItem/resolve","timestamp":"2024-10-02T22:19:33.394Z"}
{"level":"info","message":"onRequest - completionItem/resolve","timestamp":"2024-10-02T22:19:35.589Z"}
{"level":"info","message":"onRequest - completionItem/resolve","timestamp":"2024-10-02T22:19:35.642Z"}
{"level":"info","message":"onRequest - completionItem/resolve","timestamp":"2024-10-02T22:19:35.977Z"}
{"level":"info","message":"onRequest - completionItem/resolve","timestamp":"2024-10-02T22:19:49.724Z"}
{"level":"info","message":"onRequest - completionItem/resolve","timestamp":"2024-10-02T22:20:40.275Z"}
{"level":"info","message":"onRequest - completionItem/resolve","timestamp":"2024-10-02T22:20:40.331Z"}
{"level":"info","message":"onRequest - completionItem/resolve","timestamp":"2024-10-02T22:20:43.054Z"}
{"level":"info","message":"onRequest - completionItem/resolve","timestamp":"2024-10-02T22:20:44.501Z"}
{"level":"info","message":"onRequest - completionItem/resolve","timestamp":"2024-10-02T22:20:44.709Z"}
{"level":"error","message":"âœ˜ Completions for node failed: Error: [Send]{0ab393} at testGranja.wtest:32 exhausted all cases without a match [Send]{0ab393} at testGranja.wtest:32 exhausted all cases without a match","stack":"Error: [Send]{0ab393} at testGranja.wtest:32 exhausted all cases without a match\n    at c:\\Users\\bogar\\.vscode\\extensions\\uqbar.wollok-lsp-ide-0.3.5\\out\\server\\src\\server.js:38:6067\n    at hh (c:\\Users\\bogar\\.vscode\\extensions\\uqbar.wollok-lsp-ide-0.3.5\\out\\server\\src\\server.js:2281:42)\n    at c:\\Users\\bogar\\.vscode\\extensions\\uqbar.wollok-lsp-ide-0.3.5\\out\\server\\src\\server.js:2281:2700\n    at c:\\Users\\bogar\\.vscode\\extensions\\uqbar.wollok-lsp-ide-0.3.5\\out\\server\\src\\server.js:2288:3774\n    at c:\\Users\\bogar\\.vscode\\extensions\\uqbar.wollok-lsp-ide-0.3.5\\out\\server\\src\\server.js:37:74872\n    at Fe (c:\\Users\\bogar\\.vscode\\extensions\\uqbar.wollok-lsp-ide-0.3.5\\out\\server\\src\\server.js:7:8527)\n    at Pt (c:\\Users\\bogar\\.vscode\\extensions\\uqbar.wollok-lsp-ide-0.3.5\\out\\server\\src\\server.js:7:6189)\n    at Gi (c:\\Users\\bogar\\.vscode\\extensions\\uqbar.wollok-lsp-ide-0.3.5\\out\\server\\src\\server.js:7:6378)\n    at Immediate._onImmediate (c:\\Users\\bogar\\.vscode\\extensions\\uqbar.wollok-lsp-ide-0.3.5\\out\\server\\src\\server.js:7:6142)\n    at process.processImmediate (node:internal/timers:478:21)","timestamp":"2024-10-02T22:20:57.135Z"}
{"failures":[],"level":"info","message":"ðŸ§ª Test runner executed on d:\\Universidad\\Obj1\\Proyectos de game\\2024s2-granja-villa-BogarLean","result":{"failed":0,"ok":1},"timeElapsed":295,"timestamp":"2024-10-02T22:21:00.803Z"}
{"failures":[],"level":"info","message":"ðŸ§ª Test runner executed on d:\\Universidad\\Obj1\\Proyectos de game\\2024s2-granja-villa-BogarLean","result":{"failed":0,"ok":1},"timeElapsed":300,"timestamp":"2024-10-02T22:21:16.579Z"}
{"level":"info","message":"onRequest - completionItem/resolve","timestamp":"2024-10-02T22:21:33.517Z"}
{"level":"info","message":"onRequest - completionItem/resolve","timestamp":"2024-10-02T22:21:35.842Z"}
{"level":"info","message":"onRequest - completionItem/resolve","timestamp":"2024-10-02T22:21:35.894Z"}
{"level":"info","message":"onRequest - completionItem/resolve","timestamp":"2024-10-02T22:21:39.283Z"}
{"level":"info","message":"onRequest - completionItem/resolve","timestamp":"2024-10-02T22:21:39.335Z"}
{"level":"info","message":"onRequest - completionItem/resolve","timestamp":"2024-10-02T22:21:39.869Z"}
{"level":"info","message":"onRequest - completionItem/resolve","timestamp":"2024-10-02T22:21:40.013Z"}
{"level":"info","message":"onRequest - completionItem/resolve","timestamp":"2024-10-02T22:21:40.173Z"}
{"level":"error","message":"âœ˜ Completions for node failed: Error: [Send]{87fa2b} at testGranja.wtest:29 exhausted all cases without a match [Send]{87fa2b} at testGranja.wtest:29 exhausted all cases without a match","stack":"Error: [Send]{87fa2b} at testGranja.wtest:29 exhausted all cases without a match\n    at c:\\Users\\bogar\\.vscode\\extensions\\uqbar.wollok-lsp-ide-0.3.5\\out\\server\\src\\server.js:38:6067\n    at hh (c:\\Users\\bogar\\.vscode\\extensions\\uqbar.wollok-lsp-ide-0.3.5\\out\\server\\src\\server.js:2281:42)\n    at c:\\Users\\bogar\\.vscode\\extensions\\uqbar.wollok-lsp-ide-0.3.5\\out\\server\\src\\server.js:2281:2700\n    at c:\\Users\\bogar\\.vscode\\extensions\\uqbar.wollok-lsp-ide-0.3.5\\out\\server\\src\\server.js:2288:3774\n    at c:\\Users\\bogar\\.vscode\\extensions\\uqbar.wollok-lsp-ide-0.3.5\\out\\server\\src\\server.js:37:74872\n    at Fe (c:\\Users\\bogar\\.vscode\\extensions\\uqbar.wollok-lsp-ide-0.3.5\\out\\server\\src\\server.js:7:8527)\n    at Pt (c:\\Users\\bogar\\.vscode\\extensions\\uqbar.wollok-lsp-ide-0.3.5\\out\\server\\src\\server.js:7:6189)\n    at Gi (c:\\Users\\bogar\\.vscode\\extensions\\uqbar.wollok-lsp-ide-0.3.5\\out\\server\\src\\server.js:7:6378)\n    at Immediate._onImmediate (c:\\Users\\bogar\\.vscode\\extensions\\uqbar.wollok-lsp-ide-0.3.5\\out\\server\\src\\server.js:7:6142)\n    at process.processImmediate (node:internal/timers:478:21)","timestamp":"2024-10-02T22:21:45.347Z"}
{"level":"info","message":"onRequest - completionItem/resolve","timestamp":"2024-10-02T22:21:45.415Z"}
{"level":"error","message":"âœ˜ Completions for node failed: Error: [Send]{4b2a2c} at testGranja.wtest:29 exhausted all cases without a match [Send]{4b2a2c} at testGranja.wtest:29 exhausted all cases without a match","stack":"Error: [Send]{4b2a2c} at testGranja.wtest:29 exhausted all cases without a match\n    at c:\\Users\\bogar\\.vscode\\extensions\\uqbar.wollok-lsp-ide-0.3.5\\out\\server\\src\\server.js:38:6067\n    at hh (c:\\Users\\bogar\\.vscode\\extensions\\uqbar.wollok-lsp-ide-0.3.5\\out\\server\\src\\server.js:2281:42)\n    at c:\\Users\\bogar\\.vscode\\extensions\\uqbar.wollok-lsp-ide-0.3.5\\out\\server\\src\\server.js:2281:2700\n    at c:\\Users\\bogar\\.vscode\\extensions\\uqbar.wollok-lsp-ide-0.3.5\\out\\server\\src\\server.js:2288:3774\n    at c:\\Users\\bogar\\.vscode\\extensions\\uqbar.wollok-lsp-ide-0.3.5\\out\\server\\src\\server.js:37:74872\n    at Fe (c:\\Users\\bogar\\.vscode\\extensions\\uqbar.wollok-lsp-ide-0.3.5\\out\\server\\src\\server.js:7:8527)\n    at Pt (c:\\Users\\bogar\\.vscode\\extensions\\uqbar.wollok-lsp-ide-0.3.5\\out\\server\\src\\server.js:7:6189)\n    at Gi (c:\\Users\\bogar\\.vscode\\extensions\\uqbar.wollok-lsp-ide-0.3.5\\out\\server\\src\\server.js:7:6378)\n    at Immediate._onImmediate (c:\\Users\\bogar\\.vscode\\extensions\\uqbar.wollok-lsp-ide-0.3.5\\out\\server\\src\\server.js:7:6142)\n    at process.processImmediate (node:internal/timers:478:21)","timestamp":"2024-10-02T22:21:46.569Z"}
{"level":"error","message":"âœ˜ Completions for node failed: Error: [Return]{803cff} at testGranja.wtest:-- exhausted all cases without a match [Return]{803cff} at testGranja.wtest:-- exhausted all cases without a match","stack":"Error: [Return]{803cff} at testGranja.wtest:-- exhausted all cases without a match\n    at c:\\Users\\bogar\\.vscode\\extensions\\uqbar.wollok-lsp-ide-0.3.5\\out\\server\\src\\server.js:38:6067\n    at hh (c:\\Users\\bogar\\.vscode\\extensions\\uqbar.wollok-lsp-ide-0.3.5\\out\\server\\src\\server.js:2281:42)\n    at vh (c:\\Users\\bogar\\.vscode\\extensions\\uqbar.wollok-lsp-ide-0.3.5\\out\\server\\src\\server.js:2281:1004)\n    at F5n (c:\\Users\\bogar\\.vscode\\extensions\\uqbar.wollok-lsp-ide-0.3.5\\out\\server\\src\\server.js:2281:1160)\n    at c:\\Users\\bogar\\.vscode\\extensions\\uqbar.wollok-lsp-ide-0.3.5\\out\\server\\src\\server.js:38:6056\n    at hh (c:\\Users\\bogar\\.vscode\\extensions\\uqbar.wollok-lsp-ide-0.3.5\\out\\server\\src\\server.js:2281:42)\n    at c:\\Users\\bogar\\.vscode\\extensions\\uqbar.wollok-lsp-ide-0.3.5\\out\\server\\src\\server.js:2281:2700\n    at c:\\Users\\bogar\\.vscode\\extensions\\uqbar.wollok-lsp-ide-0.3.5\\out\\server\\src\\server.js:2288:3774\n    at c:\\Users\\bogar\\.vscode\\extensions\\uqbar.wollok-lsp-ide-0.3.5\\out\\server\\src\\server.js:37:74872\n    at Fe (c:\\Users\\bogar\\.vscode\\extensions\\uqbar.wollok-lsp-ide-0.3.5\\out\\server\\src\\server.js:7:8527)","timestamp":"2024-10-02T22:21:55.842Z"}
{"level":"info","message":"onRequest - completionItem/resolve","timestamp":"2024-10-02T22:21:55.913Z"}
{"level":"info","message":"onRequest - completionItem/resolve","timestamp":"2024-10-02T22:21:55.964Z"}
{"level":"error","message":"âœ˜ Completions for node failed: Error: [Return]{74a132} at testGranja.wtest:-- exhausted all cases without a match [Return]{74a132} at testGranja.wtest:-- exhausted all cases without a match","stack":"Error: [Return]{74a132} at testGranja.wtest:-- exhausted all cases without a match\n    at c:\\Users\\bogar\\.vscode\\extensions\\uqbar.wollok-lsp-ide-0.3.5\\out\\server\\src\\server.js:38:6067\n    at hh (c:\\Users\\bogar\\.vscode\\extensions\\uqbar.wollok-lsp-ide-0.3.5\\out\\server\\src\\server.js:2281:42)\n    at vh (c:\\Users\\bogar\\.vscode\\extensions\\uqbar.wollok-lsp-ide-0.3.5\\out\\server\\src\\server.js:2281:1004)\n    at F5n (c:\\Users\\bogar\\.vscode\\extensions\\uqbar.wollok-lsp-ide-0.3.5\\out\\server\\src\\server.js:2281:1160)\n    at c:\\Users\\bogar\\.vscode\\extensions\\uqbar.wollok-lsp-ide-0.3.5\\out\\server\\src\\server.js:38:6056\n    at hh (c:\\Users\\bogar\\.vscode\\extensions\\uqbar.wollok-lsp-ide-0.3.5\\out\\server\\src\\server.js:2281:42)\n    at c:\\Users\\bogar\\.vscode\\extensions\\uqbar.wollok-lsp-ide-0.3.5\\out\\server\\src\\server.js:2281:2700\n    at c:\\Users\\bogar\\.vscode\\extensions\\uqbar.wollok-lsp-ide-0.3.5\\out\\server\\src\\server.js:2288:3774\n    at c:\\Users\\bogar\\.vscode\\extensions\\uqbar.wollok-lsp-ide-0.3.5\\out\\server\\src\\server.js:37:74872\n    at Fe (c:\\Users\\bogar\\.vscode\\extensions\\uqbar.wollok-lsp-ide-0.3.5\\out\\server\\src\\server.js:7:8527)","timestamp":"2024-10-02T22:21:56.186Z"}
{"level":"error","message":"âœ˜ Completions for node failed: Error: [Return]{085ebc} at testGranja.wtest:-- exhausted all cases without a match [Return]{085ebc} at testGranja.wtest:-- exhausted all cases without a match","stack":"Error: [Return]{085ebc} at testGranja.wtest:-- exhausted all cases without a match\n    at c:\\Users\\bogar\\.vscode\\extensions\\uqbar.wollok-lsp-ide-0.3.5\\out\\server\\src\\server.js:38:6067\n    at hh (c:\\Users\\bogar\\.vscode\\extensions\\uqbar.wollok-lsp-ide-0.3.5\\out\\server\\src\\server.js:2281:42)\n    at vh (c:\\Users\\bogar\\.vscode\\extensions\\uqbar.wollok-lsp-ide-0.3.5\\out\\server\\src\\server.js:2281:1004)\n    at F5n (c:\\Users\\bogar\\.vscode\\extensions\\uqbar.wollok-lsp-ide-0.3.5\\out\\server\\src\\server.js:2281:1160)\n    at c:\\Users\\bogar\\.vscode\\extensions\\uqbar.wollok-lsp-ide-0.3.5\\out\\server\\src\\server.js:38:6056\n    at hh (c:\\Users\\bogar\\.vscode\\extensions\\uqbar.wollok-lsp-ide-0.3.5\\out\\server\\src\\server.js:2281:42)\n    at c:\\Users\\bogar\\.vscode\\extensions\\uqbar.wollok-lsp-ide-0.3.5\\out\\server\\src\\server.js:2281:2700\n    at c:\\Users\\bogar\\.vscode\\extensions\\uqbar.wollok-lsp-ide-0.3.5\\out\\server\\src\\server.js:2288:3774\n    at c:\\Users\\bogar\\.vscode\\extensions\\uqbar.wollok-lsp-ide-0.3.5\\out\\server\\src\\server.js:37:74872\n    at Fe (c:\\Users\\bogar\\.vscode\\extensions\\uqbar.wollok-lsp-ide-0.3.5\\out\\server\\src\\server.js:7:8527)","timestamp":"2024-10-02T22:21:58.387Z"}
{"level":"info","message":"onRequest - completionItem/resolve","timestamp":"2024-10-02T22:21:58.450Z"}
{"level":"info","message":"onRequest - completionItem/resolve","timestamp":"2024-10-02T22:21:58.498Z"}
{"level":"info","message":"onRequest - completionItem/resolve","timestamp":"2024-10-02T22:21:58.786Z"}
{"level":"info","message":"onRequest - completionItem/resolve","timestamp":"2024-10-02T22:21:59.965Z"}
{"level":"error","message":"âœ˜ Completions for node failed: Error: [Return]{babac5} at testGranja.wtest:-- exhausted all cases without a match [Return]{babac5} at testGranja.wtest:-- exhausted all cases without a match","stack":"Error: [Return]{babac5} at testGranja.wtest:-- exhausted all cases without a match\n    at c:\\Users\\bogar\\.vscode\\extensions\\uqbar.wollok-lsp-ide-0.3.5\\out\\server\\src\\server.js:38:6067\n    at hh (c:\\Users\\bogar\\.vscode\\extensions\\uqbar.wollok-lsp-ide-0.3.5\\out\\server\\src\\server.js:2281:42)\n    at vh (c:\\Users\\bogar\\.vscode\\extensions\\uqbar.wollok-lsp-ide-0.3.5\\out\\server\\src\\server.js:2281:1004)\n    at F5n (c:\\Users\\bogar\\.vscode\\extensions\\uqbar.wollok-lsp-ide-0.3.5\\out\\server\\src\\server.js:2281:1160)\n    at c:\\Users\\bogar\\.vscode\\extensions\\uqbar.wollok-lsp-ide-0.3.5\\out\\server\\src\\server.js:38:6056\n    at hh (c:\\Users\\bogar\\.vscode\\extensions\\uqbar.wollok-lsp-ide-0.3.5\\out\\server\\src\\server.js:2281:42)\n    at c:\\Users\\bogar\\.vscode\\extensions\\uqbar.wollok-lsp-ide-0.3.5\\out\\server\\src\\server.js:2281:2700\n    at c:\\Users\\bogar\\.vscode\\extensions\\uqbar.wollok-lsp-ide-0.3.5\\out\\server\\src\\server.js:2288:3774\n    at c:\\Users\\bogar\\.vscode\\extensions\\uqbar.wollok-lsp-ide-0.3.5\\out\\server\\src\\server.js:37:74872\n    at Fe (c:\\Users\\bogar\\.vscode\\extensions\\uqbar.wollok-lsp-ide-0.3.5\\out\\server\\src\\server.js:7:8527)","timestamp":"2024-10-02T22:22:00.297Z"}
{"level":"info","message":"onRequest - completionItem/resolve","timestamp":"2024-10-02T22:22:00.365Z"}
{"level":"info","message":"onRequest - completionItem/resolve","timestamp":"2024-10-02T22:22:00.418Z"}
{"level":"info","message":"onRequest - completionItem/resolve","timestamp":"2024-10-02T22:22:00.659Z"}
{"level":"error","message":"âœ˜ Completions for node failed: Error: [Return]{b501e4} at testGranja.wtest:-- exhausted all cases without a match [Return]{b501e4} at testGranja.wtest:-- exhausted all cases without a match","stack":"Error: [Return]{b501e4} at testGranja.wtest:-- exhausted all cases without a match\n    at c:\\Users\\bogar\\.vscode\\extensions\\uqbar.wollok-lsp-ide-0.3.5\\out\\server\\src\\server.js:38:6067\n    at hh (c:\\Users\\bogar\\.vscode\\extensions\\uqbar.wollok-lsp-ide-0.3.5\\out\\server\\src\\server.js:2281:42)\n    at vh (c:\\Users\\bogar\\.vscode\\extensions\\uqbar.wollok-lsp-ide-0.3.5\\out\\server\\src\\server.js:2281:1004)\n    at F5n (c:\\Users\\bogar\\.vscode\\extensions\\uqbar.wollok-lsp-ide-0.3.5\\out\\server\\src\\server.js:2281:1160)\n    at c:\\Users\\bogar\\.vscode\\extensions\\uqbar.wollok-lsp-ide-0.3.5\\out\\server\\src\\server.js:38:6056\n    at hh (c:\\Users\\bogar\\.vscode\\extensions\\uqbar.wollok-lsp-ide-0.3.5\\out\\server\\src\\server.js:2281:42)\n    at c:\\Users\\bogar\\.vscode\\extensions\\uqbar.wollok-lsp-ide-0.3.5\\out\\server\\src\\server.js:2281:2700\n    at c:\\Users\\bogar\\.vscode\\extensions\\uqbar.wollok-lsp-ide-0.3.5\\out\\server\\src\\server.js:2288:3774\n    at c:\\Users\\bogar\\.vscode\\extensions\\uqbar.wollok-lsp-ide-0.3.5\\out\\server\\src\\server.js:37:74872\n    at Fe (c:\\Users\\bogar\\.vscode\\extensions\\uqbar.wollok-lsp-ide-0.3.5\\out\\server\\src\\server.js:7:8527)","timestamp":"2024-10-02T22:22:01.520Z"}
{"level":"error","message":"âœ˜ Completions for node failed: Error: [Return]{366427} at testGranja.wtest:-- exhausted all cases without a match [Return]{366427} at testGranja.wtest:-- exhausted all cases without a match","stack":"Error: [Return]{366427} at testGranja.wtest:-- exhausted all cases without a match\n    at c:\\Users\\bogar\\.vscode\\extensions\\uqbar.wollok-lsp-ide-0.3.5\\out\\server\\src\\server.js:38:6067\n    at hh (c:\\Users\\bogar\\.vscode\\extensions\\uqbar.wollok-lsp-ide-0.3.5\\out\\server\\src\\server.js:2281:42)\n    at vh (c:\\Users\\bogar\\.vscode\\extensions\\uqbar.wollok-lsp-ide-0.3.5\\out\\server\\src\\server.js:2281:1004)\n    at F5n (c:\\Users\\bogar\\.vscode\\extensions\\uqbar.wollok-lsp-ide-0.3.5\\out\\server\\src\\server.js:2281:1160)\n    at c:\\Users\\bogar\\.vscode\\extensions\\uqbar.wollok-lsp-ide-0.3.5\\out\\server\\src\\server.js:38:6056\n    at hh (c:\\Users\\bogar\\.vscode\\extensions\\uqbar.wollok-lsp-ide-0.3.5\\out\\server\\src\\server.js:2281:42)\n    at c:\\Users\\bogar\\.vscode\\extensions\\uqbar.wollok-lsp-ide-0.3.5\\out\\server\\src\\server.js:2281:2700\n    at c:\\Users\\bogar\\.vscode\\extensions\\uqbar.wollok-lsp-ide-0.3.5\\out\\server\\src\\server.js:2288:3774\n    at c:\\Users\\bogar\\.vscode\\extensions\\uqbar.wollok-lsp-ide-0.3.5\\out\\server\\src\\server.js:37:74872\n    at Fe (c:\\Users\\bogar\\.vscode\\extensions\\uqbar.wollok-lsp-ide-0.3.5\\out\\server\\src\\server.js:7:8527)","timestamp":"2024-10-02T22:22:01.684Z"}
{"level":"error","message":"âœ˜ Completions for node failed: Error: [Return]{895b25} at testGranja.wtest:-- exhausted all cases without a match [Return]{895b25} at testGranja.wtest:-- exhausted all cases without a match","stack":"Error: [Return]{895b25} at testGranja.wtest:-- exhausted all cases without a match\n    at c:\\Users\\bogar\\.vscode\\extensions\\uqbar.wollok-lsp-ide-0.3.5\\out\\server\\src\\server.js:38:6067\n    at hh (c:\\Users\\bogar\\.vscode\\extensions\\uqbar.wollok-lsp-ide-0.3.5\\out\\server\\src\\server.js:2281:42)\n    at vh (c:\\Users\\bogar\\.vscode\\extensions\\uqbar.wollok-lsp-ide-0.3.5\\out\\server\\src\\server.js:2281:1004)\n    at F5n (c:\\Users\\bogar\\.vscode\\extensions\\uqbar.wollok-lsp-ide-0.3.5\\out\\server\\src\\server.js:2281:1160)\n    at c:\\Users\\bogar\\.vscode\\extensions\\uqbar.wollok-lsp-ide-0.3.5\\out\\server\\src\\server.js:38:6056\n    at hh (c:\\Users\\bogar\\.vscode\\extensions\\uqbar.wollok-lsp-ide-0.3.5\\out\\server\\src\\server.js:2281:42)\n    at c:\\Users\\bogar\\.vscode\\extensions\\uqbar.wollok-lsp-ide-0.3.5\\out\\server\\src\\server.js:2281:2700\n    at c:\\Users\\bogar\\.vscode\\extensions\\uqbar.wollok-lsp-ide-0.3.5\\out\\server\\src\\server.js:2288:3774\n    at c:\\Users\\bogar\\.vscode\\extensions\\uqbar.wollok-lsp-ide-0.3.5\\out\\server\\src\\server.js:37:74872\n    at Fe (c:\\Users\\bogar\\.vscode\\extensions\\uqbar.wollok-lsp-ide-0.3.5\\out\\server\\src\\server.js:7:8527)","timestamp":"2024-10-02T22:22:02.974Z"}
{"level":"error","message":"âœ˜ Completions for node failed: Error: [Return]{5bb274} at testGranja.wtest:-- exhausted all cases without a match [Return]{5bb274} at testGranja.wtest:-- exhausted all cases without a match","stack":"Error: [Return]{5bb274} at testGranja.wtest:-- exhausted all cases without a match\n    at c:\\Users\\bogar\\.vscode\\extensions\\uqbar.wollok-lsp-ide-0.3.5\\out\\server\\src\\server.js:38:6067\n    at hh (c:\\Users\\bogar\\.vscode\\extensions\\uqbar.wollok-lsp-ide-0.3.5\\out\\server\\src\\server.js:2281:42)\n    at vh (c:\\Users\\bogar\\.vscode\\extensions\\uqbar.wollok-lsp-ide-0.3.5\\out\\server\\src\\server.js:2281:1004)\n    at F5n (c:\\Users\\bogar\\.vscode\\extensions\\uqbar.wollok-lsp-ide-0.3.5\\out\\server\\src\\server.js:2281:1160)\n    at c:\\Users\\bogar\\.vscode\\extensions\\uqbar.wollok-lsp-ide-0.3.5\\out\\server\\src\\server.js:38:6056\n    at hh (c:\\Users\\bogar\\.vscode\\extensions\\uqbar.wollok-lsp-ide-0.3.5\\out\\server\\src\\server.js:2281:42)\n    at c:\\Users\\bogar\\.vscode\\extensions\\uqbar.wollok-lsp-ide-0.3.5\\out\\server\\src\\server.js:2281:2700\n    at c:\\Users\\bogar\\.vscode\\extensions\\uqbar.wollok-lsp-ide-0.3.5\\out\\server\\src\\server.js:2288:3774\n    at c:\\Users\\bogar\\.vscode\\extensions\\uqbar.wollok-lsp-ide-0.3.5\\out\\server\\src\\server.js:37:74872\n    at Fe (c:\\Users\\bogar\\.vscode\\extensions\\uqbar.wollok-lsp-ide-0.3.5\\out\\server\\src\\server.js:7:8527)","timestamp":"2024-10-02T22:22:03.200Z"}
{"level":"error","message":"âœ˜ Completions for node failed: Error: [Return]{7569d2} at testGranja.wtest:-- exhausted all cases without a match [Return]{7569d2} at testGranja.wtest:-- exhausted all cases without a match","stack":"Error: [Return]{7569d2} at testGranja.wtest:-- exhausted all cases without a match\n    at c:\\Users\\bogar\\.vscode\\extensions\\uqbar.wollok-lsp-ide-0.3.5\\out\\server\\src\\server.js:38:6067\n    at hh (c:\\Users\\bogar\\.vscode\\extensions\\uqbar.wollok-lsp-ide-0.3.5\\out\\server\\src\\server.js:2281:42)\n    at vh (c:\\Users\\bogar\\.vscode\\extensions\\uqbar.wollok-lsp-ide-0.3.5\\out\\server\\src\\server.js:2281:1004)\n    at F5n (c:\\Users\\bogar\\.vscode\\extensions\\uqbar.wollok-lsp-ide-0.3.5\\out\\server\\src\\server.js:2281:1160)\n    at c:\\Users\\bogar\\.vscode\\extensions\\uqbar.wollok-lsp-ide-0.3.5\\out\\server\\src\\server.js:38:6056\n    at hh (c:\\Users\\bogar\\.vscode\\extensions\\uqbar.wollok-lsp-ide-0.3.5\\out\\server\\src\\server.js:2281:42)\n    at c:\\Users\\bogar\\.vscode\\extensions\\uqbar.wollok-lsp-ide-0.3.5\\out\\server\\src\\server.js:2281:2700\n    at c:\\Users\\bogar\\.vscode\\extensions\\uqbar.wollok-lsp-ide-0.3.5\\out\\server\\src\\server.js:2288:3774\n    at c:\\Users\\bogar\\.vscode\\extensions\\uqbar.wollok-lsp-ide-0.3.5\\out\\server\\src\\server.js:37:74872\n    at Fe (c:\\Users\\bogar\\.vscode\\extensions\\uqbar.wollok-lsp-ide-0.3.5\\out\\server\\src\\server.js:7:8527)","timestamp":"2024-10-02T22:22:03.438Z"}
{"level":"error","message":"âœ˜ Completions for node failed: Error: [Return]{b590fc} at testGranja.wtest:-- exhausted all cases without a match [Return]{b590fc} at testGranja.wtest:-- exhausted all cases without a match","stack":"Error: [Return]{b590fc} at testGranja.wtest:-- exhausted all cases without a match\n    at c:\\Users\\bogar\\.vscode\\extensions\\uqbar.wollok-lsp-ide-0.3.5\\out\\server\\src\\server.js:38:6067\n    at hh (c:\\Users\\bogar\\.vscode\\extensions\\uqbar.wollok-lsp-ide-0.3.5\\out\\server\\src\\server.js:2281:42)\n    at vh (c:\\Users\\bogar\\.vscode\\extensions\\uqbar.wollok-lsp-ide-0.3.5\\out\\server\\src\\server.js:2281:1004)\n    at F5n (c:\\Users\\bogar\\.vscode\\extensions\\uqbar.wollok-lsp-ide-0.3.5\\out\\server\\src\\server.js:2281:1160)\n    at c:\\Users\\bogar\\.vscode\\extensions\\uqbar.wollok-lsp-ide-0.3.5\\out\\server\\src\\server.js:38:6056\n    at hh (c:\\Users\\bogar\\.vscode\\extensions\\uqbar.wollok-lsp-ide-0.3.5\\out\\server\\src\\server.js:2281:42)\n    at c:\\Users\\bogar\\.vscode\\extensions\\uqbar.wollok-lsp-ide-0.3.5\\out\\server\\src\\server.js:2281:2700\n    at c:\\Users\\bogar\\.vscode\\extensions\\uqbar.wollok-lsp-ide-0.3.5\\out\\server\\src\\server.js:2288:3774\n    at c:\\Users\\bogar\\.vscode\\extensions\\uqbar.wollok-lsp-ide-0.3.5\\out\\server\\src\\server.js:37:74872\n    at Fe (c:\\Users\\bogar\\.vscode\\extensions\\uqbar.wollok-lsp-ide-0.3.5\\out\\server\\src\\server.js:7:8527)","timestamp":"2024-10-02T22:22:03.623Z"}
{"level":"error","message":"âœ˜ Completions for node failed: Error: [Return]{c9bef8} at testGranja.wtest:-- exhausted all cases without a match [Return]{c9bef8} at testGranja.wtest:-- exhausted all cases without a match","stack":"Error: [Return]{c9bef8} at testGranja.wtest:-- exhausted all cases without a match\n    at c:\\Users\\bogar\\.vscode\\extensions\\uqbar.wollok-lsp-ide-0.3.5\\out\\server\\src\\server.js:38:6067\n    at hh (c:\\Users\\bogar\\.vscode\\extensions\\uqbar.wollok-lsp-ide-0.3.5\\out\\server\\src\\server.js:2281:42)\n    at vh (c:\\Users\\bogar\\.vscode\\extensions\\uqbar.wollok-lsp-ide-0.3.5\\out\\server\\src\\server.js:2281:1004)\n    at F5n (c:\\Users\\bogar\\.vscode\\extensions\\uqbar.wollok-lsp-ide-0.3.5\\out\\server\\src\\server.js:2281:1160)\n    at c:\\Users\\bogar\\.vscode\\extensions\\uqbar.wollok-lsp-ide-0.3.5\\out\\server\\src\\server.js:38:6056\n    at hh (c:\\Users\\bogar\\.vscode\\extensions\\uqbar.wollok-lsp-ide-0.3.5\\out\\server\\src\\server.js:2281:42)\n    at c:\\Users\\bogar\\.vscode\\extensions\\uqbar.wollok-lsp-ide-0.3.5\\out\\server\\src\\server.js:2281:2700\n    at c:\\Users\\bogar\\.vscode\\extensions\\uqbar.wollok-lsp-ide-0.3.5\\out\\server\\src\\server.js:2288:3774\n    at c:\\Users\\bogar\\.vscode\\extensions\\uqbar.wollok-lsp-ide-0.3.5\\out\\server\\src\\server.js:37:74872\n    at Fe (c:\\Users\\bogar\\.vscode\\extensions\\uqbar.wollok-lsp-ide-0.3.5\\out\\server\\src\\server.js:7:8527)","timestamp":"2024-10-02T22:22:03.756Z"}
{"failures":[],"level":"info","message":"ðŸ§ª Test runner executed on d:\\Universidad\\Obj1\\Proyectos de game\\2024s2-granja-villa-BogarLean","result":{"failed":0,"ok":1},"timeElapsed":360,"timestamp":"2024-10-02T22:22:07.177Z"}
{"exitCode":{"address":"::","code":"EADDRINUSE","errno":-4091,"port":3000,"syscall":"listen"},"level":"info","message":"ðŸ‘¾ Game executed game.farmville on d:\\Universidad\\Obj1\\Proyectos de game\\2024s2-granja-villa-BogarLean","timeElapsed":387,"timestamp":"2024-10-02T22:22:36.539Z"}
{"level":"info","message":"onRequest - completionItem/resolve","timestamp":"2024-10-02T22:28:08.516Z"}
{"level":"info","message":"onRequest - completionItem/resolve","timestamp":"2024-10-02T22:28:09.332Z"}
{"level":"error","message":"âœ˜ Completions for node failed: Error: tablero.tablero.a [Field]{ea81f5} at tablero.wlk:6 exhausted all cases without a match tablero.tablero.a [Field]{ea81f5} at tablero.wlk:6 exhausted all cases without a match","stack":"Error: tablero.tablero.a [Field]{ea81f5} at tablero.wlk:6 exhausted all cases without a match\n    at c:\\Users\\bogar\\.vscode\\extensions\\uqbar.wollok-lsp-ide-0.3.5\\out\\server\\src\\server.js:38:6067\n    at hh (c:\\Users\\bogar\\.vscode\\extensions\\uqbar.wollok-lsp-ide-0.3.5\\out\\server\\src\\server.js:2281:42)\n    at c:\\Users\\bogar\\.vscode\\extensions\\uqbar.wollok-lsp-ide-0.3.5\\out\\server\\src\\server.js:2281:2700\n    at c:\\Users\\bogar\\.vscode\\extensions\\uqbar.wollok-lsp-ide-0.3.5\\out\\server\\src\\server.js:2288:3774\n    at c:\\Users\\bogar\\.vscode\\extensions\\uqbar.wollok-lsp-ide-0.3.5\\out\\server\\src\\server.js:37:74872\n    at Fe (c:\\Users\\bogar\\.vscode\\extensions\\uqbar.wollok-lsp-ide-0.3.5\\out\\server\\src\\server.js:7:8527)\n    at Pt (c:\\Users\\bogar\\.vscode\\extensions\\uqbar.wollok-lsp-ide-0.3.5\\out\\server\\src\\server.js:7:6189)\n    at Gi (c:\\Users\\bogar\\.vscode\\extensions\\uqbar.wollok-lsp-ide-0.3.5\\out\\server\\src\\server.js:7:6378)\n    at Immediate._onImmediate (c:\\Users\\bogar\\.vscode\\extensions\\uqbar.wollok-lsp-ide-0.3.5\\out\\server\\src\\server.js:7:6142)\n    at process.processImmediate (node:internal/timers:478:21)","timestamp":"2024-10-02T22:28:58.355Z"}
{"level":"info","message":"onRequest - completionItem/resolve","timestamp":"2024-10-02T22:28:58.416Z"}
{"level":"error","message":"âœ˜ Completions for node failed: Error: tablero.tablero.an [Field]{a26add} at tablero.wlk:6 exhausted all cases without a match tablero.tablero.an [Field]{a26add} at tablero.wlk:6 exhausted all cases without a match","stack":"Error: tablero.tablero.an [Field]{a26add} at tablero.wlk:6 exhausted all cases without a match\n    at c:\\Users\\bogar\\.vscode\\extensions\\uqbar.wollok-lsp-ide-0.3.5\\out\\server\\src\\server.js:38:6067\n    at hh (c:\\Users\\bogar\\.vscode\\extensions\\uqbar.wollok-lsp-ide-0.3.5\\out\\server\\src\\server.js:2281:42)\n    at c:\\Users\\bogar\\.vscode\\extensions\\uqbar.wollok-lsp-ide-0.3.5\\out\\server\\src\\server.js:2281:2700\n    at c:\\Users\\bogar\\.vscode\\extensions\\uqbar.wollok-lsp-ide-0.3.5\\out\\server\\src\\server.js:2288:3774\n    at c:\\Users\\bogar\\.vscode\\extensions\\uqbar.wollok-lsp-ide-0.3.5\\out\\server\\src\\server.js:37:74872\n    at Fe (c:\\Users\\bogar\\.vscode\\extensions\\uqbar.wollok-lsp-ide-0.3.5\\out\\server\\src\\server.js:7:8527)\n    at Pt (c:\\Users\\bogar\\.vscode\\extensions\\uqbar.wollok-lsp-ide-0.3.5\\out\\server\\src\\server.js:7:6189)\n    at Gi (c:\\Users\\bogar\\.vscode\\extensions\\uqbar.wollok-lsp-ide-0.3.5\\out\\server\\src\\server.js:7:6378)\n    at Immediate._onImmediate (c:\\Users\\bogar\\.vscode\\extensions\\uqbar.wollok-lsp-ide-0.3.5\\out\\server\\src\\server.js:7:6142)\n    at process.processImmediate (node:internal/timers:478:21)","timestamp":"2024-10-02T22:28:58.506Z"}
{"level":"error","message":"âœ˜ Completions for node failed: Error: tablero.tablero.anc [Field]{10f3f1} at tablero.wlk:6 exhausted all cases without a match tablero.tablero.anc [Field]{10f3f1} at tablero.wlk:6 exhausted all cases without a match","stack":"Error: tablero.tablero.anc [Field]{10f3f1} at tablero.wlk:6 exhausted all cases without a match\n    at c:\\Users\\bogar\\.vscode\\extensions\\uqbar.wollok-lsp-ide-0.3.5\\out\\server\\src\\server.js:38:6067\n    at hh (c:\\Users\\bogar\\.vscode\\extensions\\uqbar.wollok-lsp-ide-0.3.5\\out\\server\\src\\server.js:2281:42)\n    at c:\\Users\\bogar\\.vscode\\extensions\\uqbar.wollok-lsp-ide-0.3.5\\out\\server\\src\\server.js:2281:2700\n    at c:\\Users\\bogar\\.vscode\\extensions\\uqbar.wollok-lsp-ide-0.3.5\\out\\server\\src\\server.js:2288:3774\n    at c:\\Users\\bogar\\.vscode\\extensions\\uqbar.wollok-lsp-ide-0.3.5\\out\\server\\src\\server.js:37:74872\n    at Fe (c:\\Users\\bogar\\.vscode\\extensions\\uqbar.wollok-lsp-ide-0.3.5\\out\\server\\src\\server.js:7:8527)\n    at Pt (c:\\Users\\bogar\\.vscode\\extensions\\uqbar.wollok-lsp-ide-0.3.5\\out\\server\\src\\server.js:7:6189)\n    at Gi (c:\\Users\\bogar\\.vscode\\extensions\\uqbar.wollok-lsp-ide-0.3.5\\out\\server\\src\\server.js:7:6378)\n    at Immediate._onImmediate (c:\\Users\\bogar\\.vscode\\extensions\\uqbar.wollok-lsp-ide-0.3.5\\out\\server\\src\\server.js:7:6142)\n    at process.processImmediate (node:internal/timers:478:21)","timestamp":"2024-10-02T22:28:58.646Z"}
{"level":"error","message":"âœ˜ Completions for node failed: Error: tablero.tablero.anch [Field]{1002fe} at tablero.wlk:6 exhausted all cases without a match tablero.tablero.anch [Field]{1002fe} at tablero.wlk:6 exhausted all cases without a match","stack":"Error: tablero.tablero.anch [Field]{1002fe} at tablero.wlk:6 exhausted all cases without a match\n    at c:\\Users\\bogar\\.vscode\\extensions\\uqbar.wollok-lsp-ide-0.3.5\\out\\server\\src\\server.js:38:6067\n    at hh (c:\\Users\\bogar\\.vscode\\extensions\\uqbar.wollok-lsp-ide-0.3.5\\out\\server\\src\\server.js:2281:42)\n    at c:\\Users\\bogar\\.vscode\\extensions\\uqbar.wollok-lsp-ide-0.3.5\\out\\server\\src\\server.js:2281:2700\n    at c:\\Users\\bogar\\.vscode\\extensions\\uqbar.wollok-lsp-ide-0.3.5\\out\\server\\src\\server.js:2288:3774\n    at c:\\Users\\bogar\\.vscode\\extensions\\uqbar.wollok-lsp-ide-0.3.5\\out\\server\\src\\server.js:37:74872\n    at Fe (c:\\Users\\bogar\\.vscode\\extensions\\uqbar.wollok-lsp-ide-0.3.5\\out\\server\\src\\server.js:7:8527)\n    at Pt (c:\\Users\\bogar\\.vscode\\extensions\\uqbar.wollok-lsp-ide-0.3.5\\out\\server\\src\\server.js:7:6189)\n    at Gi (c:\\Users\\bogar\\.vscode\\extensions\\uqbar.wollok-lsp-ide-0.3.5\\out\\server\\src\\server.js:7:6378)\n    at Immediate._onImmediate (c:\\Users\\bogar\\.vscode\\extensions\\uqbar.wollok-lsp-ide-0.3.5\\out\\server\\src\\server.js:7:6142)\n    at process.processImmediate (node:internal/timers:478:21)","timestamp":"2024-10-02T22:28:58.777Z"}
{"level":"info","message":"onRequest - completionItem/resolve","timestamp":"2024-10-02T22:29:11.024Z"}
{"level":"info","message":"onRequest - completionItem/resolve","timestamp":"2024-10-02T22:29:12.015Z"}
{"level":"error","message":"âœ˜ Completions for node failed: Error: tablero.tablero.a [Field]{facd14} at tablero.wlk:7 exhausted all cases without a match tablero.tablero.a [Field]{facd14} at tablero.wlk:7 exhausted all cases without a match","stack":"Error: tablero.tablero.a [Field]{facd14} at tablero.wlk:7 exhausted all cases without a match\n    at c:\\Users\\bogar\\.vscode\\extensions\\uqbar.wollok-lsp-ide-0.3.5\\out\\server\\src\\server.js:38:6067\n    at hh (c:\\Users\\bogar\\.vscode\\extensions\\uqbar.wollok-lsp-ide-0.3.5\\out\\server\\src\\server.js:2281:42)\n    at c:\\Users\\bogar\\.vscode\\extensions\\uqbar.wollok-lsp-ide-0.3.5\\out\\server\\src\\server.js:2281:2700\n    at c:\\Users\\bogar\\.vscode\\extensions\\uqbar.wollok-lsp-ide-0.3.5\\out\\server\\src\\server.js:2288:3774\n    at c:\\Users\\bogar\\.vscode\\extensions\\uqbar.wollok-lsp-ide-0.3.5\\out\\server\\src\\server.js:37:74872\n    at Fe (c:\\Users\\bogar\\.vscode\\extensions\\uqbar.wollok-lsp-ide-0.3.5\\out\\server\\src\\server.js:7:8527)\n    at Pt (c:\\Users\\bogar\\.vscode\\extensions\\uqbar.wollok-lsp-ide-0.3.5\\out\\server\\src\\server.js:7:6189)\n    at Gi (c:\\Users\\bogar\\.vscode\\extensions\\uqbar.wollok-lsp-ide-0.3.5\\out\\server\\src\\server.js:7:6378)\n    at Immediate._onImmediate (c:\\Users\\bogar\\.vscode\\extensions\\uqbar.wollok-lsp-ide-0.3.5\\out\\server\\src\\server.js:7:6142)\n    at process.processImmediate (node:internal/timers:478:21)","timestamp":"2024-10-02T22:29:13.057Z"}
{"level":"info","message":"onRequest - completionItem/resolve","timestamp":"2024-10-02T22:29:13.115Z"}
{"level":"error","message":"âœ˜ Completions for node failed: Error: tablero.tablero.al [Field]{43a1ac} at tablero.wlk:7 exhausted all cases without a match tablero.tablero.al [Field]{43a1ac} at tablero.wlk:7 exhausted all cases without a match","stack":"Error: tablero.tablero.al [Field]{43a1ac} at tablero.wlk:7 exhausted all cases without a match\n    at c:\\Users\\bogar\\.vscode\\extensions\\uqbar.wollok-lsp-ide-0.3.5\\out\\server\\src\\server.js:38:6067\n    at hh (c:\\Users\\bogar\\.vscode\\extensions\\uqbar.wollok-lsp-ide-0.3.5\\out\\server\\src\\server.js:2281:42)\n    at c:\\Users\\bogar\\.vscode\\extensions\\uqbar.wollok-lsp-ide-0.3.5\\out\\server\\src\\server.js:2281:2700\n    at c:\\Users\\bogar\\.vscode\\extensions\\uqbar.wollok-lsp-ide-0.3.5\\out\\server\\src\\server.js:2288:3774\n    at c:\\Users\\bogar\\.vscode\\extensions\\uqbar.wollok-lsp-ide-0.3.5\\out\\server\\src\\server.js:37:74872\n    at Fe (c:\\Users\\bogar\\.vscode\\extensions\\uqbar.wollok-lsp-ide-0.3.5\\out\\server\\src\\server.js:7:8527)\n    at Pt (c:\\Users\\bogar\\.vscode\\extensions\\uqbar.wollok-lsp-ide-0.3.5\\out\\server\\src\\server.js:7:6189)\n    at Gi (c:\\Users\\bogar\\.vscode\\extensions\\uqbar.wollok-lsp-ide-0.3.5\\out\\server\\src\\server.js:7:6378)\n    at Immediate._onImmediate (c:\\Users\\bogar\\.vscode\\extensions\\uqbar.wollok-lsp-ide-0.3.5\\out\\server\\src\\server.js:7:6142)\n    at process.processImmediate (node:internal/timers:478:21)","timestamp":"2024-10-02T22:29:13.179Z"}
{"level":"error","message":"âœ˜ Completions for node failed: Error: tablero.tablero.alt [Field]{034b45} at tablero.wlk:7 exhausted all cases without a match tablero.tablero.alt [Field]{034b45} at tablero.wlk:7 exhausted all cases without a match","stack":"Error: tablero.tablero.alt [Field]{034b45} at tablero.wlk:7 exhausted all cases without a match\n    at c:\\Users\\bogar\\.vscode\\extensions\\uqbar.wollok-lsp-ide-0.3.5\\out\\server\\src\\server.js:38:6067\n    at hh (c:\\Users\\bogar\\.vscode\\extensions\\uqbar.wollok-lsp-ide-0.3.5\\out\\server\\src\\server.js:2281:42)\n    at c:\\Users\\bogar\\.vscode\\extensions\\uqbar.wollok-lsp-ide-0.3.5\\out\\server\\src\\server.js:2281:2700\n    at c:\\Users\\bogar\\.vscode\\extensions\\uqbar.wollok-lsp-ide-0.3.5\\out\\server\\src\\server.js:2288:3774\n    at c:\\Users\\bogar\\.vscode\\extensions\\uqbar.wollok-lsp-ide-0.3.5\\out\\server\\src\\server.js:37:74872\n    at Fe (c:\\Users\\bogar\\.vscode\\extensions\\uqbar.wollok-lsp-ide-0.3.5\\out\\server\\src\\server.js:7:8527)\n    at Pt (c:\\Users\\bogar\\.vscode\\extensions\\uqbar.wollok-lsp-ide-0.3.5\\out\\server\\src\\server.js:7:6189)\n    at Gi (c:\\Users\\bogar\\.vscode\\extensions\\uqbar.wollok-lsp-ide-0.3.5\\out\\server\\src\\server.js:7:6378)\n    at Immediate._onImmediate (c:\\Users\\bogar\\.vscode\\extensions\\uqbar.wollok-lsp-ide-0.3.5\\out\\server\\src\\server.js:7:6142)\n    at process.processImmediate (node:internal/timers:478:21)","timestamp":"2024-10-02T22:29:13.490Z"}
{"level":"error","message":"âœ˜ Completions for node failed: Error: tablero.tablero.alto [Field]{a0da7c} at tablero.wlk:7 exhausted all cases without a match tablero.tablero.alto [Field]{a0da7c} at tablero.wlk:7 exhausted all cases without a match","stack":"Error: tablero.tablero.alto [Field]{a0da7c} at tablero.wlk:7 exhausted all cases without a match\n    at c:\\Users\\bogar\\.vscode\\extensions\\uqbar.wollok-lsp-ide-0.3.5\\out\\server\\src\\server.js:38:6067\n    at hh (c:\\Users\\bogar\\.vscode\\extensions\\uqbar.wollok-lsp-ide-0.3.5\\out\\server\\src\\server.js:2281:42)\n    at c:\\Users\\bogar\\.vscode\\extensions\\uqbar.wollok-lsp-ide-0.3.5\\out\\server\\src\\server.js:2281:2700\n    at c:\\Users\\bogar\\.vscode\\extensions\\uqbar.wollok-lsp-ide-0.3.5\\out\\server\\src\\server.js:2288:3774\n    at c:\\Users\\bogar\\.vscode\\extensions\\uqbar.wollok-lsp-ide-0.3.5\\out\\server\\src\\server.js:37:74872\n    at Fe (c:\\Users\\bogar\\.vscode\\extensions\\uqbar.wollok-lsp-ide-0.3.5\\out\\server\\src\\server.js:7:8527)\n    at Pt (c:\\Users\\bogar\\.vscode\\extensions\\uqbar.wollok-lsp-ide-0.3.5\\out\\server\\src\\server.js:7:6189)\n    at Gi (c:\\Users\\bogar\\.vscode\\extensions\\uqbar.wollok-lsp-ide-0.3.5\\out\\server\\src\\server.js:7:6378)\n    at Immediate._onImmediate (c:\\Users\\bogar\\.vscode\\extensions\\uqbar.wollok-lsp-ide-0.3.5\\out\\server\\src\\server.js:7:6142)\n    at process.processImmediate (node:internal/timers:478:21)","timestamp":"2024-10-02T22:29:13.628Z"}
{"level":"info","message":"onRequest - completionItem/resolve","timestamp":"2024-10-02T22:30:08.404Z"}
{"level":"info","message":"onRequest - completionItem/resolve","timestamp":"2024-10-02T22:30:09.922Z"}
{"level":"info","message":"onRequest - completionItem/resolve","timestamp":"2024-10-02T22:30:10.164Z"}
{"level":"info","message":"onRequest - completionItem/resolve","timestamp":"2024-10-02T22:30:10.306Z"}
{"level":"info","message":"onRequest - completionItem/resolve","timestamp":"2024-10-02T22:30:14.295Z"}
{"level":"info","message":"onRequest - completionItem/resolve","timestamp":"2024-10-02T22:30:14.345Z"}
{"level":"info","message":"onRequest - completionItem/resolve","timestamp":"2024-10-02T22:30:14.391Z"}
{"level":"info","message":"onRequest - completionItem/resolve","timestamp":"2024-10-02T22:30:14.605Z"}
{"level":"info","message":"onRequest - completionItem/resolve","timestamp":"2024-10-02T22:30:15.781Z"}
{"level":"info","message":"onRequest - completionItem/resolve","timestamp":"2024-10-02T22:30:15.833Z"}
{"level":"info","message":"onRequest - completionItem/resolve","timestamp":"2024-10-02T22:30:16.847Z"}
{"level":"error","message":"âœ˜ Failed to rebuild document Failed to parse game.wpgm: \n-- PARSING FAILED --------------------------------------------------\n\n  23 |  \t//  COMIENZA\n  24 | \tgame.start()\n> 25 | }\n     | ^\n  26 | \n\nExpected one of the following: \n\n'@', 'class', 'const', 'describe', 'mixin', 'object', 'only', 'package', 'program', 'test', 'var', '{', EOF, comment, not \"}\r\n\", whitespace\n","stack":"Error: Failed to parse game.wpgm: \n-- PARSING FAILED --------------------------------------------------\n\n  23 |  \t//  COMIENZA\n  24 | \tgame.start()\n> 25 | }\n     | ^\n  26 | \n\nExpected one of the following: \n\n'@', 'class', 'const', 'describe', 'mixin', 'object', 'only', 'package', 'program', 'test', 'var', '{', EOF, comment, not \"}\r\n\", whitespace\n\n    at c:\\Users\\bogar\\.vscode\\extensions\\uqbar.wollok-lsp-ide-0.3.5\\out\\server\\src\\server.js:2244:21840\n    at Array.map (<anonymous>)\n    at Ifn (c:\\Users\\bogar\\.vscode\\extensions\\uqbar.wollok-lsp-ide-0.3.5\\out\\server\\src\\server.js:2244:21764)\n    at h2.buildEnvironmentFrom (c:\\Users\\bogar\\.vscode\\extensions\\uqbar.wollok-lsp-ide-0.3.5\\out\\server\\src\\server.js:2275:16306)\n    at h2.updateEnvironmentWith (c:\\Users\\bogar\\.vscode\\extensions\\uqbar.wollok-lsp-ide-0.3.5\\out\\server\\src\\server.js:2275:16041)\n    at DL (c:\\Users\\bogar\\.vscode\\extensions\\uqbar.wollok-lsp-ide-0.3.5\\out\\server\\src\\server.js:2288:2292)\n    at b3.invoke (c:\\Users\\bogar\\.vscode\\extensions\\uqbar.wollok-lsp-ide-0.3.5\\out\\server\\src\\server.js:3:157188)\n    at o.fire (c:\\Users\\bogar\\.vscode\\extensions\\uqbar.wollok-lsp-ide-0.3.5\\out\\server\\src\\server.js:3:157958)\n    at c:\\Users\\bogar\\.vscode\\extensions\\uqbar.wollok-lsp-ide-0.3.5\\out\\server\\src\\server.js:37:57871\n    at Br (c:\\Users\\bogar\\.vscode\\extensions\\uqbar.wollok-lsp-ide-0.3.5\\out\\server\\src\\server.js:8:1561)","timestamp":"2024-10-02T22:30:18.335Z"}
{"level":"info","message":"onRequest - completionItem/resolve","timestamp":"2024-10-02T22:30:18.353Z"}
{"level":"info","message":"onRequest - completionItem/resolve","timestamp":"2024-10-02T22:30:24.408Z"}
{"level":"info","message":"onRequest - completionItem/resolve","timestamp":"2024-10-02T22:30:25.866Z"}
{"level":"info","message":"onRequest - completionItem/resolve","timestamp":"2024-10-02T22:30:25.953Z"}
{"level":"info","message":"onRequest - completionItem/resolve","timestamp":"2024-10-02T22:30:26.245Z"}
{"level":"info","message":"onRequest - completionItem/resolve","timestamp":"2024-10-02T22:30:26.411Z"}
{"level":"error","message":"âœ˜ Completions for node failed: Error: [Send]{4b8b50} at cultivos.wlk:46 exhausted all cases without a match [Send]{4b8b50} at cultivos.wlk:46 exhausted all cases without a match","stack":"Error: [Send]{4b8b50} at cultivos.wlk:46 exhausted all cases without a match\n    at c:\\Users\\bogar\\.vscode\\extensions\\uqbar.wollok-lsp-ide-0.3.5\\out\\server\\src\\server.js:38:6067\n    at hh (c:\\Users\\bogar\\.vscode\\extensions\\uqbar.wollok-lsp-ide-0.3.5\\out\\server\\src\\server.js:2281:42)\n    at vh (c:\\Users\\bogar\\.vscode\\extensions\\uqbar.wollok-lsp-ide-0.3.5\\out\\server\\src\\server.js:2281:1004)\n    at F5n (c:\\Users\\bogar\\.vscode\\extensions\\uqbar.wollok-lsp-ide-0.3.5\\out\\server\\src\\server.js:2281:1160)\n    at c:\\Users\\bogar\\.vscode\\extensions\\uqbar.wollok-lsp-ide-0.3.5\\out\\server\\src\\server.js:38:6056\n    at hh (c:\\Users\\bogar\\.vscode\\extensions\\uqbar.wollok-lsp-ide-0.3.5\\out\\server\\src\\server.js:2281:42)\n    at c:\\Users\\bogar\\.vscode\\extensions\\uqbar.wollok-lsp-ide-0.3.5\\out\\server\\src\\server.js:2281:2700\n    at c:\\Users\\bogar\\.vscode\\extensions\\uqbar.wollok-lsp-ide-0.3.5\\out\\server\\src\\server.js:2288:3774\n    at c:\\Users\\bogar\\.vscode\\extensions\\uqbar.wollok-lsp-ide-0.3.5\\out\\server\\src\\server.js:37:74872\n    at Fe (c:\\Users\\bogar\\.vscode\\extensions\\uqbar.wollok-lsp-ide-0.3.5\\out\\server\\src\\server.js:7:8527)","timestamp":"2024-10-02T22:30:44.084Z"}
{"level":"error","message":"âœ˜ Completions for node failed: Error: [Send]{f8e150} at cultivos.wlk:46 exhausted all cases without a match [Send]{f8e150} at cultivos.wlk:46 exhausted all cases without a match","stack":"Error: [Send]{f8e150} at cultivos.wlk:46 exhausted all cases without a match\n    at c:\\Users\\bogar\\.vscode\\extensions\\uqbar.wollok-lsp-ide-0.3.5\\out\\server\\src\\server.js:38:6067\n    at hh (c:\\Users\\bogar\\.vscode\\extensions\\uqbar.wollok-lsp-ide-0.3.5\\out\\server\\src\\server.js:2281:42)\n    at vh (c:\\Users\\bogar\\.vscode\\extensions\\uqbar.wollok-lsp-ide-0.3.5\\out\\server\\src\\server.js:2281:1004)\n    at hh (c:\\Users\\bogar\\.vscode\\extensions\\uqbar.wollok-lsp-ide-0.3.5\\out\\server\\src\\server.js:2281:456)\n    at vh (c:\\Users\\bogar\\.vscode\\extensions\\uqbar.wollok-lsp-ide-0.3.5\\out\\server\\src\\server.js:2281:1004)\n    at F5n (c:\\Users\\bogar\\.vscode\\extensions\\uqbar.wollok-lsp-ide-0.3.5\\out\\server\\src\\server.js:2281:1160)\n    at c:\\Users\\bogar\\.vscode\\extensions\\uqbar.wollok-lsp-ide-0.3.5\\out\\server\\src\\server.js:38:6056\n    at hh (c:\\Users\\bogar\\.vscode\\extensions\\uqbar.wollok-lsp-ide-0.3.5\\out\\server\\src\\server.js:2281:42)\n    at c:\\Users\\bogar\\.vscode\\extensions\\uqbar.wollok-lsp-ide-0.3.5\\out\\server\\src\\server.js:2281:2700\n    at c:\\Users\\bogar\\.vscode\\extensions\\uqbar.wollok-lsp-ide-0.3.5\\out\\server\\src\\server.js:2288:3774","timestamp":"2024-10-02T22:30:44.084Z"}
{"level":"error","message":"âœ˜ Completions for node failed: Error: [Send]{e31387} at cultivos.wlk:46 exhausted all cases without a match [Send]{e31387} at cultivos.wlk:46 exhausted all cases without a match","stack":"Error: [Send]{e31387} at cultivos.wlk:46 exhausted all cases without a match\n    at c:\\Users\\bogar\\.vscode\\extensions\\uqbar.wollok-lsp-ide-0.3.5\\out\\server\\src\\server.js:38:6067\n    at hh (c:\\Users\\bogar\\.vscode\\extensions\\uqbar.wollok-lsp-ide-0.3.5\\out\\server\\src\\server.js:2281:42)\n    at vh (c:\\Users\\bogar\\.vscode\\extensions\\uqbar.wollok-lsp-ide-0.3.5\\out\\server\\src\\server.js:2281:1004)\n    at hh (c:\\Users\\bogar\\.vscode\\extensions\\uqbar.wollok-lsp-ide-0.3.5\\out\\server\\src\\server.js:2281:456)\n    at vh (c:\\Users\\bogar\\.vscode\\extensions\\uqbar.wollok-lsp-ide-0.3.5\\out\\server\\src\\server.js:2281:1004)\n    at hh (c:\\Users\\bogar\\.vscode\\extensions\\uqbar.wollok-lsp-ide-0.3.5\\out\\server\\src\\server.js:2281:456)\n    at vh (c:\\Users\\bogar\\.vscode\\extensions\\uqbar.wollok-lsp-ide-0.3.5\\out\\server\\src\\server.js:2281:1004)\n    at F5n (c:\\Users\\bogar\\.vscode\\extensions\\uqbar.wollok-lsp-ide-0.3.5\\out\\server\\src\\server.js:2281:1160)\n    at c:\\Users\\bogar\\.vscode\\extensions\\uqbar.wollok-lsp-ide-0.3.5\\out\\server\\src\\server.js:38:6056\n    at hh (c:\\Users\\bogar\\.vscode\\extensions\\uqbar.wollok-lsp-ide-0.3.5\\out\\server\\src\\server.js:2281:42)","timestamp":"2024-10-02T22:30:44.084Z"}
{"level":"error","message":"âœ˜ Completions for node failed: Error: [Return]{a40ea3} at cultivos.wlk:46 exhausted all cases without a match [Return]{a40ea3} at cultivos.wlk:46 exhausted all cases without a match","stack":"Error: [Return]{a40ea3} at cultivos.wlk:46 exhausted all cases without a match\n    at c:\\Users\\bogar\\.vscode\\extensions\\uqbar.wollok-lsp-ide-0.3.5\\out\\server\\src\\server.js:38:6067\n    at hh (c:\\Users\\bogar\\.vscode\\extensions\\uqbar.wollok-lsp-ide-0.3.5\\out\\server\\src\\server.js:2281:42)\n    at vh (c:\\Users\\bogar\\.vscode\\extensions\\uqbar.wollok-lsp-ide-0.3.5\\out\\server\\src\\server.js:2281:1004)\n    at hh (c:\\Users\\bogar\\.vscode\\extensions\\uqbar.wollok-lsp-ide-0.3.5\\out\\server\\src\\server.js:2281:456)\n    at vh (c:\\Users\\bogar\\.vscode\\extensions\\uqbar.wollok-lsp-ide-0.3.5\\out\\server\\src\\server.js:2281:1004)\n    at hh (c:\\Users\\bogar\\.vscode\\extensions\\uqbar.wollok-lsp-ide-0.3.5\\out\\server\\src\\server.js:2281:456)\n    at vh (c:\\Users\\bogar\\.vscode\\extensions\\uqbar.wollok-lsp-ide-0.3.5\\out\\server\\src\\server.js:2281:1004)\n    at hh (c:\\Users\\bogar\\.vscode\\extensions\\uqbar.wollok-lsp-ide-0.3.5\\out\\server\\src\\server.js:2281:456)\n    at vh (c:\\Users\\bogar\\.vscode\\extensions\\uqbar.wollok-lsp-ide-0.3.5\\out\\server\\src\\server.js:2281:1004)\n    at F5n (c:\\Users\\bogar\\.vscode\\extensions\\uqbar.wollok-lsp-ide-0.3.5\\out\\server\\src\\server.js:2281:1160)","timestamp":"2024-10-02T22:30:44.084Z"}
{"level":"info","message":"onRequest - completionItem/resolve","timestamp":"2024-10-02T22:30:44.211Z"}
{"level":"info","message":"onRequest - completionItem/resolve","timestamp":"2024-10-02T22:30:46.870Z"}
{"level":"error","message":"âœ˜ Completions for node failed: Error: [Send]{a3d5ce} at cultivos.wlk:46 exhausted all cases without a match [Send]{a3d5ce} at cultivos.wlk:46 exhausted all cases without a match","stack":"Error: [Send]{a3d5ce} at cultivos.wlk:46 exhausted all cases without a match\n    at c:\\Users\\bogar\\.vscode\\extensions\\uqbar.wollok-lsp-ide-0.3.5\\out\\server\\src\\server.js:38:6067\n    at hh (c:\\Users\\bogar\\.vscode\\extensions\\uqbar.wollok-lsp-ide-0.3.5\\out\\server\\src\\server.js:2281:42)\n    at vh (c:\\Users\\bogar\\.vscode\\extensions\\uqbar.wollok-lsp-ide-0.3.5\\out\\server\\src\\server.js:2281:1004)\n    at F5n (c:\\Users\\bogar\\.vscode\\extensions\\uqbar.wollok-lsp-ide-0.3.5\\out\\server\\src\\server.js:2281:1160)\n    at c:\\Users\\bogar\\.vscode\\extensions\\uqbar.wollok-lsp-ide-0.3.5\\out\\server\\src\\server.js:38:6056\n    at hh (c:\\Users\\bogar\\.vscode\\extensions\\uqbar.wollok-lsp-ide-0.3.5\\out\\server\\src\\server.js:2281:42)\n    at c:\\Users\\bogar\\.vscode\\extensions\\uqbar.wollok-lsp-ide-0.3.5\\out\\server\\src\\server.js:2281:2700\n    at c:\\Users\\bogar\\.vscode\\extensions\\uqbar.wollok-lsp-ide-0.3.5\\out\\server\\src\\server.js:2288:3774\n    at c:\\Users\\bogar\\.vscode\\extensions\\uqbar.wollok-lsp-ide-0.3.5\\out\\server\\src\\server.js:37:74872\n    at Fe (c:\\Users\\bogar\\.vscode\\extensions\\uqbar.wollok-lsp-ide-0.3.5\\out\\server\\src\\server.js:7:8527)","timestamp":"2024-10-02T22:31:14.589Z"}
{"level":"error","message":"âœ˜ Completions for node failed: Error: [Send]{c7e928} at cultivos.wlk:46 exhausted all cases without a match [Send]{c7e928} at cultivos.wlk:46 exhausted all cases without a match","stack":"Error: [Send]{c7e928} at cultivos.wlk:46 exhausted all cases without a match\n    at c:\\Users\\bogar\\.vscode\\extensions\\uqbar.wollok-lsp-ide-0.3.5\\out\\server\\src\\server.js:38:6067\n    at hh (c:\\Users\\bogar\\.vscode\\extensions\\uqbar.wollok-lsp-ide-0.3.5\\out\\server\\src\\server.js:2281:42)\n    at vh (c:\\Users\\bogar\\.vscode\\extensions\\uqbar.wollok-lsp-ide-0.3.5\\out\\server\\src\\server.js:2281:1004)\n    at hh (c:\\Users\\bogar\\.vscode\\extensions\\uqbar.wollok-lsp-ide-0.3.5\\out\\server\\src\\server.js:2281:456)\n    at vh (c:\\Users\\bogar\\.vscode\\extensions\\uqbar.wollok-lsp-ide-0.3.5\\out\\server\\src\\server.js:2281:1004)\n    at F5n (c:\\Users\\bogar\\.vscode\\extensions\\uqbar.wollok-lsp-ide-0.3.5\\out\\server\\src\\server.js:2281:1160)\n    at c:\\Users\\bogar\\.vscode\\extensions\\uqbar.wollok-lsp-ide-0.3.5\\out\\server\\src\\server.js:38:6056\n    at hh (c:\\Users\\bogar\\.vscode\\extensions\\uqbar.wollok-lsp-ide-0.3.5\\out\\server\\src\\server.js:2281:42)\n    at c:\\Users\\bogar\\.vscode\\extensions\\uqbar.wollok-lsp-ide-0.3.5\\out\\server\\src\\server.js:2281:2700\n    at c:\\Users\\bogar\\.vscode\\extensions\\uqbar.wollok-lsp-ide-0.3.5\\out\\server\\src\\server.js:2288:3774","timestamp":"2024-10-02T22:31:14.589Z"}
{"level":"error","message":"âœ˜ Completions for node failed: Error: [Send]{aa62e2} at cultivos.wlk:46 exhausted all cases without a match [Send]{aa62e2} at cultivos.wlk:46 exhausted all cases without a match","stack":"Error: [Send]{aa62e2} at cultivos.wlk:46 exhausted all cases without a match\n    at c:\\Users\\bogar\\.vscode\\extensions\\uqbar.wollok-lsp-ide-0.3.5\\out\\server\\src\\server.js:38:6067\n    at hh (c:\\Users\\bogar\\.vscode\\extensions\\uqbar.wollok-lsp-ide-0.3.5\\out\\server\\src\\server.js:2281:42)\n    at vh (c:\\Users\\bogar\\.vscode\\extensions\\uqbar.wollok-lsp-ide-0.3.5\\out\\server\\src\\server.js:2281:1004)\n    at hh (c:\\Users\\bogar\\.vscode\\extensions\\uqbar.wollok-lsp-ide-0.3.5\\out\\server\\src\\server.js:2281:456)\n    at vh (c:\\Users\\bogar\\.vscode\\extensions\\uqbar.wollok-lsp-ide-0.3.5\\out\\server\\src\\server.js:2281:1004)\n    at hh (c:\\Users\\bogar\\.vscode\\extensions\\uqbar.wollok-lsp-ide-0.3.5\\out\\server\\src\\server.js:2281:456)\n    at vh (c:\\Users\\bogar\\.vscode\\extensions\\uqbar.wollok-lsp-ide-0.3.5\\out\\server\\src\\server.js:2281:1004)\n    at F5n (c:\\Users\\bogar\\.vscode\\extensions\\uqbar.wollok-lsp-ide-0.3.5\\out\\server\\src\\server.js:2281:1160)\n    at c:\\Users\\bogar\\.vscode\\extensions\\uqbar.wollok-lsp-ide-0.3.5\\out\\server\\src\\server.js:38:6056\n    at hh (c:\\Users\\bogar\\.vscode\\extensions\\uqbar.wollok-lsp-ide-0.3.5\\out\\server\\src\\server.js:2281:42)","timestamp":"2024-10-02T22:31:14.589Z"}
{"level":"error","message":"âœ˜ Completions for node failed: Error: [Send]{da4d42} at cultivos.wlk:46 exhausted all cases without a match [Send]{da4d42} at cultivos.wlk:46 exhausted all cases without a match","stack":"Error: [Send]{da4d42} at cultivos.wlk:46 exhausted all cases without a match\n    at c:\\Users\\bogar\\.vscode\\extensions\\uqbar.wollok-lsp-ide-0.3.5\\out\\server\\src\\server.js:38:6067\n    at hh (c:\\Users\\bogar\\.vscode\\extensions\\uqbar.wollok-lsp-ide-0.3.5\\out\\server\\src\\server.js:2281:42)\n    at vh (c:\\Users\\bogar\\.vscode\\extensions\\uqbar.wollok-lsp-ide-0.3.5\\out\\server\\src\\server.js:2281:1004)\n    at hh (c:\\Users\\bogar\\.vscode\\extensions\\uqbar.wollok-lsp-ide-0.3.5\\out\\server\\src\\server.js:2281:456)\n    at vh (c:\\Users\\bogar\\.vscode\\extensions\\uqbar.wollok-lsp-ide-0.3.5\\out\\server\\src\\server.js:2281:1004)\n    at hh (c:\\Users\\bogar\\.vscode\\extensions\\uqbar.wollok-lsp-ide-0.3.5\\out\\server\\src\\server.js:2281:456)\n    at vh (c:\\Users\\bogar\\.vscode\\extensions\\uqbar.wollok-lsp-ide-0.3.5\\out\\server\\src\\server.js:2281:1004)\n    at hh (c:\\Users\\bogar\\.vscode\\extensions\\uqbar.wollok-lsp-ide-0.3.5\\out\\server\\src\\server.js:2281:456)\n    at vh (c:\\Users\\bogar\\.vscode\\extensions\\uqbar.wollok-lsp-ide-0.3.5\\out\\server\\src\\server.js:2281:1004)\n    at F5n (c:\\Users\\bogar\\.vscode\\extensions\\uqbar.wollok-lsp-ide-0.3.5\\out\\server\\src\\server.js:2281:1160)","timestamp":"2024-10-02T22:31:14.589Z"}
{"level":"error","message":"âœ˜ Completions for node failed: Error: [Return]{bb4f1d} at cultivos.wlk:46 exhausted all cases without a match [Return]{bb4f1d} at cultivos.wlk:46 exhausted all cases without a match","stack":"Error: [Return]{bb4f1d} at cultivos.wlk:46 exhausted all cases without a match\n    at c:\\Users\\bogar\\.vscode\\extensions\\uqbar.wollok-lsp-ide-0.3.5\\out\\server\\src\\server.js:38:6067\n    at hh (c:\\Users\\bogar\\.vscode\\extensions\\uqbar.wollok-lsp-ide-0.3.5\\out\\server\\src\\server.js:2281:42)\n    at vh (c:\\Users\\bogar\\.vscode\\extensions\\uqbar.wollok-lsp-ide-0.3.5\\out\\server\\src\\server.js:2281:1004)\n    at hh (c:\\Users\\bogar\\.vscode\\extensions\\uqbar.wollok-lsp-ide-0.3.5\\out\\server\\src\\server.js:2281:456)\n    at vh (c:\\Users\\bogar\\.vscode\\extensions\\uqbar.wollok-lsp-ide-0.3.5\\out\\server\\src\\server.js:2281:1004)\n    at hh (c:\\Users\\bogar\\.vscode\\extensions\\uqbar.wollok-lsp-ide-0.3.5\\out\\server\\src\\server.js:2281:456)\n    at vh (c:\\Users\\bogar\\.vscode\\extensions\\uqbar.wollok-lsp-ide-0.3.5\\out\\server\\src\\server.js:2281:1004)\n    at hh (c:\\Users\\bogar\\.vscode\\extensions\\uqbar.wollok-lsp-ide-0.3.5\\out\\server\\src\\server.js:2281:456)\n    at vh (c:\\Users\\bogar\\.vscode\\extensions\\uqbar.wollok-lsp-ide-0.3.5\\out\\server\\src\\server.js:2281:1004)\n    at hh (c:\\Users\\bogar\\.vscode\\extensions\\uqbar.wollok-lsp-ide-0.3.5\\out\\server\\src\\server.js:2281:456)","timestamp":"2024-10-02T22:31:14.589Z"}
{"level":"info","message":"onRequest - completionItem/resolve","timestamp":"2024-10-02T22:31:14.651Z"}
{"level":"info","message":"onRequest - completionItem/resolve","timestamp":"2024-10-02T22:31:16.162Z"}
{"level":"info","message":"onRequest - completionItem/resolve","timestamp":"2024-10-02T22:31:16.605Z"}
